<?xml version='1.0' encoding='UTF-8'?>
<buildlog>
  <outpath>.</outpath>
  <operation>
    <module>lbuild</module>
    <source>buildlog.xml.in</source>
    <destination>project.xml.log</destination>
  </operation>
  <operation>
    <module>modm:architecture</module>
    <source>../../../../taproot/modm/src/modm/architecture/architecture.hpp</source>
    <destination>modm/src/modm/architecture.hpp</destination>
    <time>0.079 ms</time>
  </operation>
  <operation>
    <module>modm:architecture</module>
    <source>../../../../taproot/modm/src/modm/architecture/detect.hpp</source>
    <destination>modm/src/modm/architecture/detect.hpp</destination>
    <time>0.097 ms</time>
  </operation>
  <operation>
    <module>modm:architecture</module>
    <source>../../../../taproot/modm/src/modm/architecture/interface.hpp.in</source>
    <destination>modm/src/modm/architecture/interface.hpp</destination>
    <time>1.619 ms</time>
  </operation>
  <operation>
    <module>modm:architecture</module>
    <source>../../../../taproot/modm/src/modm/architecture/interface/peripheral.hpp</source>
    <destination>modm/src/modm/architecture/interface/peripheral.hpp</destination>
    <time>0.085 ms</time>
  </operation>
  <operation>
    <module>modm:architecture</module>
    <source>../../../../taproot/modm/src/modm/architecture/utils.hpp</source>
    <destination>modm/src/modm/architecture/utils.hpp</destination>
    <time>0.162 ms</time>
  </operation>
  <operation>
    <module>modm:architecture:accessor</module>
    <source>../../../../taproot/modm/src/modm/architecture/interface/accessor.hpp</source>
    <destination>modm/src/modm/architecture/interface/accessor.hpp</destination>
    <time>0.078 ms</time>
  </operation>
  <operation>
    <module>modm:architecture:accessor</module>
    <source>../../../../taproot/modm/src/modm/architecture/interface/accessor_flash.hpp</source>
    <destination>modm/src/modm/architecture/interface/accessor_flash.hpp</destination>
    <time>0.073 ms</time>
  </operation>
  <operation>
    <module>modm:architecture:accessor</module>
    <source>../../../../taproot/modm/src/modm/architecture/interface/accessor_ram.hpp</source>
    <destination>modm/src/modm/architecture/interface/accessor_ram.hpp</destination>
    <time>0.071 ms</time>
  </operation>
  <operation>
    <module>modm:architecture:assert</module>
    <source>../../../../taproot/modm/src/modm/architecture/interface/assert.h.in</source>
    <destination>modm/src/modm/architecture/interface/assert.h</destination>
    <time>1.704 ms</time>
  </operation>
  <operation>
    <module>modm:architecture:assert</module>
    <source>../../../../taproot/modm/src/modm/architecture/interface/assert.hpp.in</source>
    <destination>modm/src/modm/architecture/interface/assert.hpp</destination>
    <time>1.279 ms</time>
  </operation>
  <operation>
    <module>modm:architecture:atomic</module>
    <source>../../../../taproot/modm/src/modm/architecture/driver/atomic.hpp</source>
    <destination>modm/src/modm/architecture/driver/atomic.hpp</destination>
    <time>0.077 ms</time>
  </operation>
  <operation>
    <module>modm:architecture:atomic</module>
    <source>../../../../taproot/modm/src/modm/architecture/driver/atomic/container.hpp</source>
    <destination>modm/src/modm/architecture/driver/atomic/container.hpp</destination>
    <time>0.061 ms</time>
  </operation>
  <operation>
    <module>modm:architecture:atomic</module>
    <source>../../../../taproot/modm/src/modm/architecture/driver/atomic/flag.cpp</source>
    <destination>modm/src/modm/architecture/driver/atomic/flag.cpp</destination>
    <time>0.051 ms</time>
  </operation>
  <operation>
    <module>modm:architecture:atomic</module>
    <source>../../../../taproot/modm/src/modm/architecture/driver/atomic/flag.hpp</source>
    <destination>modm/src/modm/architecture/driver/atomic/flag.hpp</destination>
    <time>0.050 ms</time>
  </operation>
  <operation>
    <module>modm:architecture:atomic</module>
    <source>../../../../taproot/modm/src/modm/architecture/driver/atomic/queue.hpp</source>
    <destination>modm/src/modm/architecture/driver/atomic/queue.hpp</destination>
    <time>0.049 ms</time>
  </operation>
  <operation>
    <module>modm:architecture:atomic</module>
    <source>../../../../taproot/modm/src/modm/architecture/driver/atomic/queue_impl.hpp</source>
    <destination>modm/src/modm/architecture/driver/atomic/queue_impl.hpp</destination>
    <time>0.052 ms</time>
  </operation>
  <operation>
    <module>modm:architecture:atomic</module>
    <source>../../../../taproot/modm/src/modm/architecture/interface/atomic_lock.hpp</source>
    <destination>modm/src/modm/architecture/interface/atomic_lock.hpp</destination>
    <time>0.089 ms</time>
  </operation>
  <operation>
    <module>modm:architecture:can</module>
    <source>../../../../taproot/modm/src/modm/architecture/interface/can.cpp</source>
    <destination>modm/src/modm/architecture/interface/can.cpp</destination>
    <time>0.079 ms</time>
  </operation>
  <operation>
    <module>modm:architecture:can</module>
    <source>../../../../taproot/modm/src/modm/architecture/interface/can.hpp</source>
    <destination>modm/src/modm/architecture/interface/can.hpp</destination>
    <time>0.099 ms</time>
  </operation>
  <operation>
    <module>modm:architecture:can</module>
    <source>../../../../taproot/modm/src/modm/architecture/interface/can_filter.hpp</source>
    <destination>modm/src/modm/architecture/interface/can_filter.hpp</destination>
    <time>0.073 ms</time>
  </operation>
  <operation>
    <module>modm:architecture:can</module>
    <source>../../../../taproot/modm/src/modm/architecture/interface/can_message.hpp</source>
    <destination>modm/src/modm/architecture/interface/can_message.hpp</destination>
    <time>0.073 ms</time>
  </operation>
  <operation>
    <module>modm:architecture:clock</module>
    <source>../../../../taproot/modm/src/modm/architecture/interface/clock.hpp</source>
    <destination>modm/src/modm/architecture/interface/clock.hpp</destination>
    <time>0.162 ms</time>
  </operation>
  <operation>
    <module>modm:architecture:delay</module>
    <source>../../../../taproot/modm/src/modm/architecture/interface/delay.hpp</source>
    <destination>modm/src/modm/architecture/interface/delay.hpp</destination>
    <time>0.072 ms</time>
  </operation>
  <operation>
    <module>modm:architecture:memory</module>
    <source>../../../../taproot/modm/src/modm/architecture/interface/memory.hpp</source>
    <destination>modm/src/modm/architecture/interface/memory.hpp</destination>
    <time>0.116 ms</time>
  </operation>
  <operation>
    <module>modm:architecture:register</module>
    <source>../../../../taproot/modm/src/modm/architecture/interface/register.hpp</source>
    <destination>modm/src/modm/architecture/interface/register.hpp</destination>
    <time>0.091 ms</time>
  </operation>
  <operation>
    <module>modm:build</module>
    <source>../../../../taproot/modm/tools/modm_tools/__init__.py.in</source>
    <destination>modm/modm_tools/__init__.py</destination>
    <time>0.997 ms</time>
  </operation>
  <operation>
    <module>modm:build</module>
    <source>../../../../taproot/modm/tools/modm_tools/find_files.py</source>
    <destination>modm/modm_tools/find_files.py</destination>
    <time>0.078 ms</time>
  </operation>
  <operation>
    <module>modm:build</module>
    <source>../../../../taproot/modm/tools/modm_tools/utils.py</source>
    <destination>modm/modm_tools/utils.py</destination>
    <time>0.107 ms</time>
  </operation>
  <operation>
    <module>modm:build:scons</module>
    <source>../../../../taproot/modm/tools/build_script_generator/scons/resources/SConscript.in</source>
    <destination>modm/SConscript</destination>
    <time>17.612 ms</time>
  </operation>
  <operation>
    <module>modm:build:scons</module>
    <source>../../../../taproot/modm/tools/build_script_generator/scons/resources/build_target.py.in</source>
    <destination>modm/scons/site_tools/build_target.py</destination>
    <time>2.824 ms</time>
  </operation>
  <operation>
    <module>modm:build:scons</module>
    <source>../../../../taproot/modm/tools/build_script_generator/scons/site_tools/comstr.py</source>
    <destination>modm/scons/site_tools/comstr.py</destination>
    <time>0.081 ms</time>
  </operation>
  <operation>
    <module>modm:build:scons</module>
    <source>../../../../taproot/modm/tools/build_script_generator/scons/site_tools/find_files.py</source>
    <destination>modm/scons/site_tools/find_files.py</destination>
    <time>0.074 ms</time>
  </operation>
  <operation>
    <module>modm:build:scons</module>
    <source>../../../../taproot/modm/tools/build_script_generator/scons/site_tools/gcc_retarget.py</source>
    <destination>modm/scons/site_tools/gcc_retarget.py</destination>
    <time>0.077 ms</time>
  </operation>
  <operation>
    <module>modm:build:scons</module>
    <source>../../../../taproot/modm/tools/build_script_generator/scons/site_tools/qtcreator.py</source>
    <destination>modm/scons/site_tools/qtcreator.py</destination>
    <time>0.084 ms</time>
  </operation>
  <operation>
    <module>modm:build:scons</module>
    <source>../../../../taproot/modm/tools/build_script_generator/scons/site_tools/qtcreator/project.config.in</source>
    <destination>modm/scons/site_tools/qtcreator/project.config.in</destination>
    <time>0.051 ms</time>
  </operation>
  <operation>
    <module>modm:build:scons</module>
    <source>../../../../taproot/modm/tools/build_script_generator/scons/site_tools/qtcreator/project.creator.in</source>
    <destination>modm/scons/site_tools/qtcreator/project.creator.in</destination>
    <time>0.061 ms</time>
  </operation>
  <operation>
    <module>modm:build:scons</module>
    <source>../../../../taproot/modm/tools/build_script_generator/scons/site_tools/qtcreator/project.files.in</source>
    <destination>modm/scons/site_tools/qtcreator/project.files.in</destination>
    <time>0.064 ms</time>
  </operation>
  <operation>
    <module>modm:build:scons</module>
    <source>../../../../taproot/modm/tools/build_script_generator/scons/site_tools/qtcreator/project.includes.in</source>
    <destination>modm/scons/site_tools/qtcreator/project.includes.in</destination>
    <time>0.058 ms</time>
  </operation>
  <operation>
    <module>modm:build:scons</module>
    <source>../../../../taproot/modm/tools/build_script_generator/scons/site_tools/template.py</source>
    <destination>modm/scons/site_tools/template.py</destination>
    <time>0.127 ms</time>
  </operation>
  <operation>
    <module>modm:build:scons</module>
    <source>../../../../taproot/modm/tools/build_script_generator/scons/site_tools/utils.py</source>
    <destination>modm/scons/site_tools/utils.py</destination>
    <time>0.078 ms</time>
  </operation>
  <operation>
    <module>modm:build:scons</module>
    <source>../../../../taproot/modm/tools/build_script_generator/scons/site_tools/utils_buildpath.py</source>
    <destination>modm/scons/site_tools/utils_buildpath.py</destination>
    <time>0.076 ms</time>
  </operation>
  <operation>
    <module>modm:communication:xpcc</module>
    <source>../../../../taproot/modm/src/modm/communication/xpcc.hpp</source>
    <destination>modm/src/modm/communication/xpcc.hpp</destination>
    <time>0.079 ms</time>
  </operation>
  <operation>
    <module>modm:communication:xpcc</module>
    <source>../../../../taproot/modm/src/modm/communication/xpcc/abstract_component.hpp</source>
    <destination>modm/src/modm/communication/xpcc/abstract_component.hpp</destination>
    <time>0.050 ms</time>
  </operation>
  <operation>
    <module>modm:communication:xpcc</module>
    <source>../../../../taproot/modm/src/modm/communication/xpcc/abstract_component_impl.hpp</source>
    <destination>modm/src/modm/communication/xpcc/abstract_component_impl.hpp</destination>
    <time>0.052 ms</time>
  </operation>
  <operation>
    <module>modm:communication:xpcc</module>
    <source>../../../../taproot/modm/src/modm/communication/xpcc/backend/backend_interface.hpp</source>
    <destination>modm/src/modm/communication/xpcc/backend/backend_interface.hpp</destination>
    <time>0.052 ms</time>
  </operation>
  <operation>
    <module>modm:communication:xpcc</module>
    <source>../../../../taproot/modm/src/modm/communication/xpcc/backend/can.hpp</source>
    <destination>modm/src/modm/communication/xpcc/backend/can.hpp</destination>
    <time>0.077 ms</time>
  </operation>
  <operation>
    <module>modm:communication:xpcc</module>
    <source>../../../../taproot/modm/src/modm/communication/xpcc/backend/can/connector.cpp</source>
    <destination>modm/src/modm/communication/xpcc/backend/can/connector.cpp</destination>
    <time>0.058 ms</time>
  </operation>
  <operation>
    <module>modm:communication:xpcc</module>
    <source>../../../../taproot/modm/src/modm/communication/xpcc/backend/can/connector.hpp</source>
    <destination>modm/src/modm/communication/xpcc/backend/can/connector.hpp</destination>
    <time>0.056 ms</time>
  </operation>
  <operation>
    <module>modm:communication:xpcc</module>
    <source>../../../../taproot/modm/src/modm/communication/xpcc/backend/can/connector_impl.hpp</source>
    <destination>modm/src/modm/communication/xpcc/backend/can/connector_impl.hpp</destination>
    <time>0.055 ms</time>
  </operation>
  <operation>
    <module>modm:communication:xpcc</module>
    <source>../../../../taproot/modm/src/modm/communication/xpcc/backend/header.cpp</source>
    <destination>modm/src/modm/communication/xpcc/backend/header.cpp</destination>
    <time>0.057 ms</time>
  </operation>
  <operation>
    <module>modm:communication:xpcc</module>
    <source>../../../../taproot/modm/src/modm/communication/xpcc/backend/header.hpp</source>
    <destination>modm/src/modm/communication/xpcc/backend/header.hpp</destination>
    <time>0.050 ms</time>
  </operation>
  <operation>
    <module>modm:communication:xpcc</module>
    <source>../../../../taproot/modm/src/modm/communication/xpcc/communicatable.hpp</source>
    <destination>modm/src/modm/communication/xpcc/communicatable.hpp</destination>
    <time>0.050 ms</time>
  </operation>
  <operation>
    <module>modm:communication:xpcc</module>
    <source>../../../../taproot/modm/src/modm/communication/xpcc/communicatable_task.hpp</source>
    <destination>modm/src/modm/communication/xpcc/communicatable_task.hpp</destination>
    <time>0.049 ms</time>
  </operation>
  <operation>
    <module>modm:communication:xpcc</module>
    <source>../../../../taproot/modm/src/modm/communication/xpcc/communicator.cpp</source>
    <destination>modm/src/modm/communication/xpcc/communicator.cpp</destination>
    <time>0.050 ms</time>
  </operation>
  <operation>
    <module>modm:communication:xpcc</module>
    <source>../../../../taproot/modm/src/modm/communication/xpcc/communicator.hpp</source>
    <destination>modm/src/modm/communication/xpcc/communicator.hpp</destination>
    <time>0.049 ms</time>
  </operation>
  <operation>
    <module>modm:communication:xpcc</module>
    <source>../../../../taproot/modm/src/modm/communication/xpcc/communicator_impl.hpp</source>
    <destination>modm/src/modm/communication/xpcc/communicator_impl.hpp</destination>
    <time>0.051 ms</time>
  </operation>
  <operation>
    <module>modm:communication:xpcc</module>
    <source>../../../../taproot/modm/src/modm/communication/xpcc/dispatcher.cpp</source>
    <destination>modm/src/modm/communication/xpcc/dispatcher.cpp</destination>
    <time>0.055 ms</time>
  </operation>
  <operation>
    <module>modm:communication:xpcc</module>
    <source>../../../../taproot/modm/src/modm/communication/xpcc/dispatcher.hpp.in</source>
    <destination>modm/src/modm/communication/xpcc/dispatcher.hpp</destination>
    <time>3.574 ms</time>
  </operation>
  <operation>
    <module>modm:communication:xpcc</module>
    <source>../../../../taproot/modm/src/modm/communication/xpcc/postman/dynamic_postman.hpp</source>
    <destination>modm/src/modm/communication/xpcc/postman/dynamic_postman.hpp</destination>
    <time>0.049 ms</time>
  </operation>
  <operation>
    <module>modm:communication:xpcc</module>
    <source>../../../../taproot/modm/src/modm/communication/xpcc/postman/dynamic_postman/dynamic_postman.cpp</source>
    <destination>modm/src/modm/communication/xpcc/postman/dynamic_postman/dynamic_postman.cpp</destination>
    <time>0.055 ms</time>
  </operation>
  <operation>
    <module>modm:communication:xpcc</module>
    <source>../../../../taproot/modm/src/modm/communication/xpcc/postman/dynamic_postman_impl.hpp</source>
    <destination>modm/src/modm/communication/xpcc/postman/dynamic_postman_impl.hpp</destination>
    <time>0.051 ms</time>
  </operation>
  <operation>
    <module>modm:communication:xpcc</module>
    <source>../../../../taproot/modm/src/modm/communication/xpcc/postman/postman.cpp</source>
    <destination>modm/src/modm/communication/xpcc/postman/postman.cpp</destination>
    <time>0.049 ms</time>
  </operation>
  <operation>
    <module>modm:communication:xpcc</module>
    <source>../../../../taproot/modm/src/modm/communication/xpcc/postman/postman.hpp</source>
    <destination>modm/src/modm/communication/xpcc/postman/postman.hpp</destination>
    <time>0.050 ms</time>
  </operation>
  <operation>
    <module>modm:communication:xpcc</module>
    <source>../../../../taproot/modm/src/modm/communication/xpcc/postman/response.hpp</source>
    <destination>modm/src/modm/communication/xpcc/postman/response.hpp</destination>
    <time>0.054 ms</time>
  </operation>
  <operation>
    <module>modm:communication:xpcc</module>
    <source>../../../../taproot/modm/src/modm/communication/xpcc/response_callback.hpp</source>
    <destination>modm/src/modm/communication/xpcc/response_callback.hpp</destination>
    <time>0.052 ms</time>
  </operation>
  <operation>
    <module>modm:communication:xpcc</module>
    <source>../../../../taproot/modm/src/modm/communication/xpcc/response_handle.hpp</source>
    <destination>modm/src/modm/communication/xpcc/response_handle.hpp</destination>
    <time>0.052 ms</time>
  </operation>
  <operation>
    <module>modm:container</module>
    <source>../../../../taproot/modm/src/modm/container/container.hpp</source>
    <destination>modm/src/modm/container.hpp</destination>
    <time>0.080 ms</time>
  </operation>
  <operation>
    <module>modm:container</module>
    <source>../../../../taproot/modm/src/modm/container/deque.hpp</source>
    <destination>modm/src/modm/container/deque.hpp</destination>
    <time>0.053 ms</time>
  </operation>
  <operation>
    <module>modm:container</module>
    <source>../../../../taproot/modm/src/modm/container/deque_impl.hpp</source>
    <destination>modm/src/modm/container/deque_impl.hpp</destination>
    <time>0.052 ms</time>
  </operation>
  <operation>
    <module>modm:container</module>
    <source>../../../../taproot/modm/src/modm/container/doubly_linked_list.hpp</source>
    <destination>modm/src/modm/container/doubly_linked_list.hpp</destination>
    <time>0.060 ms</time>
  </operation>
  <operation>
    <module>modm:container</module>
    <source>../../../../taproot/modm/src/modm/container/doubly_linked_list_impl.hpp</source>
    <destination>modm/src/modm/container/doubly_linked_list_impl.hpp</destination>
    <time>0.082 ms</time>
  </operation>
  <operation>
    <module>modm:container</module>
    <source>../../../../taproot/modm/src/modm/container/doubly_linked_list_iterator_impl.hpp</source>
    <destination>modm/src/modm/container/doubly_linked_list_iterator_impl.hpp</destination>
    <time>0.056 ms</time>
  </operation>
  <operation>
    <module>modm:container</module>
    <source>../../../../taproot/modm/src/modm/container/dynamic_array.hpp</source>
    <destination>modm/src/modm/container/dynamic_array.hpp</destination>
    <time>0.087 ms</time>
  </operation>
  <operation>
    <module>modm:container</module>
    <source>../../../../taproot/modm/src/modm/container/dynamic_array_impl.hpp</source>
    <destination>modm/src/modm/container/dynamic_array_impl.hpp</destination>
    <time>0.056 ms</time>
  </operation>
  <operation>
    <module>modm:container</module>
    <source>../../../../taproot/modm/src/modm/container/dynamic_array_iterator_impl.hpp</source>
    <destination>modm/src/modm/container/dynamic_array_iterator_impl.hpp</destination>
    <time>0.056 ms</time>
  </operation>
  <operation>
    <module>modm:container</module>
    <source>../../../../taproot/modm/src/modm/container/linked_list.hpp</source>
    <destination>modm/src/modm/container/linked_list.hpp</destination>
    <time>0.054 ms</time>
  </operation>
  <operation>
    <module>modm:container</module>
    <source>../../../../taproot/modm/src/modm/container/linked_list_impl.hpp</source>
    <destination>modm/src/modm/container/linked_list_impl.hpp</destination>
    <time>0.059 ms</time>
  </operation>
  <operation>
    <module>modm:container</module>
    <source>../../../../taproot/modm/src/modm/container/linked_list_iterator_impl.hpp</source>
    <destination>modm/src/modm/container/linked_list_iterator_impl.hpp</destination>
    <time>0.056 ms</time>
  </operation>
  <operation>
    <module>modm:container</module>
    <source>../../../../taproot/modm/src/modm/container/module.md</source>
    <destination>modm/src/modm/container/module.md</destination>
    <time>0.053 ms</time>
  </operation>
  <operation>
    <module>modm:container</module>
    <source>../../../../taproot/modm/src/modm/container/pair.hpp</source>
    <destination>modm/src/modm/container/pair.hpp</destination>
    <time>0.051 ms</time>
  </operation>
  <operation>
    <module>modm:container</module>
    <source>../../../../taproot/modm/src/modm/container/queue.hpp</source>
    <destination>modm/src/modm/container/queue.hpp</destination>
    <time>0.075 ms</time>
  </operation>
  <operation>
    <module>modm:container</module>
    <source>../../../../taproot/modm/src/modm/container/smart_pointer.cpp</source>
    <destination>modm/src/modm/container/smart_pointer.cpp</destination>
    <time>0.057 ms</time>
  </operation>
  <operation>
    <module>modm:container</module>
    <source>../../../../taproot/modm/src/modm/container/smart_pointer.hpp</source>
    <destination>modm/src/modm/container/smart_pointer.hpp</destination>
    <time>0.056 ms</time>
  </operation>
  <operation>
    <module>modm:container</module>
    <source>../../../../taproot/modm/src/modm/container/stack.hpp</source>
    <destination>modm/src/modm/container/stack.hpp</destination>
    <time>0.069 ms</time>
  </operation>
  <operation>
    <module>modm:debug</module>
    <source>../../../../taproot/modm/src/modm/debug/debug.hpp</source>
    <destination>modm/src/modm/debug.hpp</destination>
    <time>0.136 ms</time>
  </operation>
  <operation>
    <module>modm:debug</module>
    <source>../../../../taproot/modm/src/modm/debug/debug.hpp</source>
    <destination>modm/src/modm/debug/debug.hpp</destination>
    <time>0.126 ms</time>
  </operation>
  <operation>
    <module>modm:debug</module>
    <source>../../../../taproot/modm/src/modm/debug/logger.hpp</source>
    <destination>modm/src/modm/debug/logger.hpp</destination>
    <time>0.066 ms</time>
  </operation>
  <operation>
    <module>modm:debug</module>
    <source>../../../../taproot/modm/src/modm/debug/logger/hosted/default_style.cpp</source>
    <destination>modm/src/modm/debug/logger/hosted/default_style.cpp</destination>
    <time>0.055 ms</time>
  </operation>
  <operation>
    <module>modm:debug</module>
    <source>../../../../taproot/modm/src/modm/debug/logger/imp/std.hpp</source>
    <destination>modm/src/modm/debug/logger/imp/std.hpp</destination>
    <time>0.119 ms</time>
  </operation>
  <operation>
    <module>modm:debug</module>
    <source>../../../../taproot/modm/src/modm/debug/logger/level.hpp</source>
    <destination>modm/src/modm/debug/logger/level.hpp</destination>
    <time>0.116 ms</time>
  </operation>
  <operation>
    <module>modm:debug</module>
    <source>../../../../taproot/modm/src/modm/debug/logger/logger.hpp</source>
    <destination>modm/src/modm/debug/logger/logger.hpp</destination>
    <time>0.056 ms</time>
  </operation>
  <operation>
    <module>modm:debug</module>
    <source>../../../../taproot/modm/src/modm/debug/logger/style.hpp</source>
    <destination>modm/src/modm/debug/logger/style.hpp</destination>
    <time>0.125 ms</time>
  </operation>
  <operation>
    <module>modm:debug</module>
    <source>../../../../taproot/modm/src/modm/debug/logger/style/prefix.hpp</source>
    <destination>modm/src/modm/debug/logger/style/prefix.hpp</destination>
    <time>0.117 ms</time>
  </operation>
  <operation>
    <module>modm:debug</module>
    <source>../../../../taproot/modm/src/modm/debug/logger/style/prefix_impl.hpp</source>
    <destination>modm/src/modm/debug/logger/style/prefix_impl.hpp</destination>
    <time>0.102 ms</time>
  </operation>
  <operation>
    <module>modm:debug</module>
    <source>../../../../taproot/modm/src/modm/debug/logger/style/std_colour.hpp</source>
    <destination>modm/src/modm/debug/logger/style/std_colour.hpp</destination>
    <time>0.110 ms</time>
  </operation>
  <operation>
    <module>modm:debug</module>
    <source>../../../../taproot/modm/src/modm/debug/logger/style/std_colour_impl.hpp</source>
    <destination>modm/src/modm/debug/logger/style/std_colour_impl.hpp</destination>
    <time>0.111 ms</time>
  </operation>
  <operation>
    <module>modm:debug</module>
    <source>../../../../taproot/modm/src/modm/debug/logger/style_impl.hpp</source>
    <destination>modm/src/modm/debug/logger/style_impl.hpp</destination>
    <time>0.085 ms</time>
  </operation>
  <operation>
    <module>modm:debug</module>
    <source>../../../../taproot/modm/src/modm/debug/logger/style_wrapper.hpp</source>
    <destination>modm/src/modm/debug/logger/style_wrapper.hpp</destination>
    <time>0.103 ms</time>
  </operation>
  <operation>
    <module>modm:debug</module>
    <source>../../../../taproot/modm/src/modm/debug/module.md</source>
    <destination>modm/src/modm/debug/module.md</destination>
    <time>0.130 ms</time>
  </operation>
  <operation>
    <module>modm:driver:terminal</module>
    <source>../../../../taproot/modm/src/modm/driver/io/terminal.cpp</source>
    <destination>modm/src/modm/driver/io/terminal.cpp</destination>
    <time>0.057 ms</time>
  </operation>
  <operation>
    <module>modm:driver:terminal</module>
    <source>../../../../taproot/modm/src/modm/driver/io/terminal.hpp</source>
    <destination>modm/src/modm/driver/io/terminal.hpp</destination>
    <time>0.081 ms</time>
  </operation>
  <operation>
    <module>modm:io</module>
    <source>../../../../taproot/modm/ext/mpaland/printf.h</source>
    <destination>modm/ext/printf/printf.h</destination>
    <time>0.083 ms</time>
  </operation>
  <operation>
    <module>modm:io</module>
    <source>../../../../taproot/modm/ext/mpaland/printf/printf.c</source>
    <destination>modm/ext/printf/printf.source</destination>
    <time>0.088 ms</time>
  </operation>
  <operation>
    <module>modm:io</module>
    <source>../../../../taproot/modm/src/modm/io/io.hpp</source>
    <destination>modm/src/modm/io.hpp</destination>
    <time>0.103 ms</time>
  </operation>
  <operation>
    <module>modm:io</module>
    <source>../../../../taproot/modm/src/modm/io/iodevice.hpp</source>
    <destination>modm/src/modm/io/iodevice.hpp</destination>
    <time>0.071 ms</time>
  </operation>
  <operation>
    <module>modm:io</module>
    <source>../../../../taproot/modm/src/modm/io/iodevice_wrapper.hpp</source>
    <destination>modm/src/modm/io/iodevice_wrapper.hpp</destination>
    <time>0.051 ms</time>
  </operation>
  <operation>
    <module>modm:io</module>
    <source>../../../../taproot/modm/src/modm/io/iostream.cpp</source>
    <destination>modm/src/modm/io/iostream.cpp</destination>
    <time>0.055 ms</time>
  </operation>
  <operation>
    <module>modm:io</module>
    <source>../../../../taproot/modm/src/modm/io/iostream.hpp.in</source>
    <destination>modm/src/modm/io/iostream.hpp</destination>
    <time>2.831 ms</time>
  </operation>
  <operation>
    <module>modm:io</module>
    <source>../../../../taproot/modm/src/modm/io/iostream_printf.cpp.in</source>
    <destination>modm/src/modm/io/iostream_printf.cpp</destination>
    <time>5.481 ms</time>
  </operation>
  <operation>
    <module>modm:io</module>
    <source>../../../../taproot/modm/src/modm/io/module.md</source>
    <destination>modm/src/modm/io/module.md</destination>
    <time>0.054 ms</time>
  </operation>
  <operation>
    <module>modm:math</module>
    <source>../../../../taproot/modm/src/modm/math/math.hpp.in</source>
    <destination>modm/src/modm/math.hpp</destination>
    <time>0.943 ms</time>
  </operation>
  <operation>
    <module>modm:math</module>
    <source>../../../../taproot/modm/src/modm/math/tolerance.hpp</source>
    <destination>modm/src/modm/math/tolerance.hpp</destination>
    <time>0.083 ms</time>
  </operation>
  <operation>
    <module>modm:math:filter</module>
    <source>../../../../taproot/modm/src/modm/math/filter.hpp</source>
    <destination>modm/src/modm/math/filter.hpp</destination>
    <time>0.076 ms</time>
  </operation>
  <operation>
    <module>modm:math:filter</module>
    <source>../../../../taproot/modm/src/modm/math/filter/debounce.hpp</source>
    <destination>modm/src/modm/math/filter/debounce.hpp</destination>
    <time>0.049 ms</time>
  </operation>
  <operation>
    <module>modm:math:filter</module>
    <source>../../../../taproot/modm/src/modm/math/filter/debounce_impl.hpp</source>
    <destination>modm/src/modm/math/filter/debounce_impl.hpp</destination>
    <time>0.049 ms</time>
  </operation>
  <operation>
    <module>modm:math:filter</module>
    <source>../../../../taproot/modm/src/modm/math/filter/fir.hpp</source>
    <destination>modm/src/modm/math/filter/fir.hpp</destination>
    <time>0.052 ms</time>
  </operation>
  <operation>
    <module>modm:math:filter</module>
    <source>../../../../taproot/modm/src/modm/math/filter/fir_impl.hpp</source>
    <destination>modm/src/modm/math/filter/fir_impl.hpp</destination>
    <time>0.071 ms</time>
  </operation>
  <operation>
    <module>modm:math:filter</module>
    <source>../../../../taproot/modm/src/modm/math/filter/median.hpp</source>
    <destination>modm/src/modm/math/filter/median.hpp</destination>
    <time>0.059 ms</time>
  </operation>
  <operation>
    <module>modm:math:filter</module>
    <source>../../../../taproot/modm/src/modm/math/filter/median_3_impl.hpp</source>
    <destination>modm/src/modm/math/filter/median_3_impl.hpp</destination>
    <time>0.074 ms</time>
  </operation>
  <operation>
    <module>modm:math:filter</module>
    <source>../../../../taproot/modm/src/modm/math/filter/median_5_impl.hpp</source>
    <destination>modm/src/modm/math/filter/median_5_impl.hpp</destination>
    <time>0.050 ms</time>
  </operation>
  <operation>
    <module>modm:math:filter</module>
    <source>../../../../taproot/modm/src/modm/math/filter/median_7_impl.hpp</source>
    <destination>modm/src/modm/math/filter/median_7_impl.hpp</destination>
    <time>0.049 ms</time>
  </operation>
  <operation>
    <module>modm:math:filter</module>
    <source>../../../../taproot/modm/src/modm/math/filter/median_9_impl.hpp</source>
    <destination>modm/src/modm/math/filter/median_9_impl.hpp</destination>
    <time>0.051 ms</time>
  </operation>
  <operation>
    <module>modm:math:filter</module>
    <source>../../../../taproot/modm/src/modm/math/filter/median_impl.hpp</source>
    <destination>modm/src/modm/math/filter/median_impl.hpp</destination>
    <time>0.049 ms</time>
  </operation>
  <operation>
    <module>modm:math:filter</module>
    <source>../../../../taproot/modm/src/modm/math/filter/moving_average.hpp</source>
    <destination>modm/src/modm/math/filter/moving_average.hpp</destination>
    <time>0.052 ms</time>
  </operation>
  <operation>
    <module>modm:math:filter</module>
    <source>../../../../taproot/modm/src/modm/math/filter/moving_average_float_impl.hpp</source>
    <destination>modm/src/modm/math/filter/moving_average_float_impl.hpp</destination>
    <time>0.055 ms</time>
  </operation>
  <operation>
    <module>modm:math:filter</module>
    <source>../../../../taproot/modm/src/modm/math/filter/pid.hpp</source>
    <destination>modm/src/modm/math/filter/pid.hpp</destination>
    <time>0.053 ms</time>
  </operation>
  <operation>
    <module>modm:math:filter</module>
    <source>../../../../taproot/modm/src/modm/math/filter/pid_impl.hpp</source>
    <destination>modm/src/modm/math/filter/pid_impl.hpp</destination>
    <time>0.049 ms</time>
  </operation>
  <operation>
    <module>modm:math:filter</module>
    <source>../../../../taproot/modm/src/modm/math/filter/ramp.hpp</source>
    <destination>modm/src/modm/math/filter/ramp.hpp</destination>
    <time>0.140 ms</time>
  </operation>
  <operation>
    <module>modm:math:filter</module>
    <source>../../../../taproot/modm/src/modm/math/filter/ramp_impl.hpp</source>
    <destination>modm/src/modm/math/filter/ramp_impl.hpp</destination>
    <time>0.050 ms</time>
  </operation>
  <operation>
    <module>modm:math:filter</module>
    <source>../../../../taproot/modm/src/modm/math/filter/s_curve_controller.hpp</source>
    <destination>modm/src/modm/math/filter/s_curve_controller.hpp</destination>
    <time>0.050 ms</time>
  </operation>
  <operation>
    <module>modm:math:filter</module>
    <source>../../../../taproot/modm/src/modm/math/filter/s_curve_controller_impl.hpp</source>
    <destination>modm/src/modm/math/filter/s_curve_controller_impl.hpp</destination>
    <time>0.049 ms</time>
  </operation>
  <operation>
    <module>modm:math:filter</module>
    <source>../../../../taproot/modm/src/modm/math/filter/s_curve_generator.hpp</source>
    <destination>modm/src/modm/math/filter/s_curve_generator.hpp</destination>
    <time>0.055 ms</time>
  </operation>
  <operation>
    <module>modm:math:filter</module>
    <source>../../../../taproot/modm/src/modm/math/filter/s_curve_generator_impl.hpp</source>
    <destination>modm/src/modm/math/filter/s_curve_generator_impl.hpp</destination>
    <time>0.050 ms</time>
  </operation>
  <operation>
    <module>modm:math:geometry</module>
    <source>../../../../taproot/modm/src/modm/math/geometry.hpp</source>
    <destination>modm/src/modm/math/geometry.hpp</destination>
    <time>0.074 ms</time>
  </operation>
  <operation>
    <module>modm:math:geometry</module>
    <source>../../../../taproot/modm/src/modm/math/geometry/angle.cpp</source>
    <destination>modm/src/modm/math/geometry/angle.cpp</destination>
    <time>0.049 ms</time>
  </operation>
  <operation>
    <module>modm:math:geometry</module>
    <source>../../../../taproot/modm/src/modm/math/geometry/angle.hpp</source>
    <destination>modm/src/modm/math/geometry/angle.hpp</destination>
    <time>0.050 ms</time>
  </operation>
  <operation>
    <module>modm:math:geometry</module>
    <source>../../../../taproot/modm/src/modm/math/geometry/circle_2d.hpp</source>
    <destination>modm/src/modm/math/geometry/circle_2d.hpp</destination>
    <time>0.050 ms</time>
  </operation>
  <operation>
    <module>modm:math:geometry</module>
    <source>../../../../taproot/modm/src/modm/math/geometry/circle_2d_impl.hpp</source>
    <destination>modm/src/modm/math/geometry/circle_2d_impl.hpp</destination>
    <time>0.052 ms</time>
  </operation>
  <operation>
    <module>modm:math:geometry</module>
    <source>../../../../taproot/modm/src/modm/math/geometry/geometric_traits.hpp</source>
    <destination>modm/src/modm/math/geometry/geometric_traits.hpp</destination>
    <time>0.049 ms</time>
  </operation>
  <operation>
    <module>modm:math:geometry</module>
    <source>../../../../taproot/modm/src/modm/math/geometry/line_2d.hpp</source>
    <destination>modm/src/modm/math/geometry/line_2d.hpp</destination>
    <time>0.056 ms</time>
  </operation>
  <operation>
    <module>modm:math:geometry</module>
    <source>../../../../taproot/modm/src/modm/math/geometry/line_2d_impl.hpp</source>
    <destination>modm/src/modm/math/geometry/line_2d_impl.hpp</destination>
    <time>0.048 ms</time>
  </operation>
  <operation>
    <module>modm:math:geometry</module>
    <source>../../../../taproot/modm/src/modm/math/geometry/line_segment_2d.hpp</source>
    <destination>modm/src/modm/math/geometry/line_segment_2d.hpp</destination>
    <time>0.087 ms</time>
  </operation>
  <operation>
    <module>modm:math:geometry</module>
    <source>../../../../taproot/modm/src/modm/math/geometry/line_segment_2d_impl.hpp</source>
    <destination>modm/src/modm/math/geometry/line_segment_2d_impl.hpp</destination>
    <time>0.056 ms</time>
  </operation>
  <operation>
    <module>modm:math:geometry</module>
    <source>../../../../taproot/modm/src/modm/math/geometry/location_2d.hpp</source>
    <destination>modm/src/modm/math/geometry/location_2d.hpp</destination>
    <time>0.051 ms</time>
  </operation>
  <operation>
    <module>modm:math:geometry</module>
    <source>../../../../taproot/modm/src/modm/math/geometry/location_2d_impl.hpp</source>
    <destination>modm/src/modm/math/geometry/location_2d_impl.hpp</destination>
    <time>0.053 ms</time>
  </operation>
  <operation>
    <module>modm:math:geometry</module>
    <source>../../../../taproot/modm/src/modm/math/geometry/point_set_2d.hpp</source>
    <destination>modm/src/modm/math/geometry/point_set_2d.hpp</destination>
    <time>0.049 ms</time>
  </operation>
  <operation>
    <module>modm:math:geometry</module>
    <source>../../../../taproot/modm/src/modm/math/geometry/point_set_2d_impl.hpp</source>
    <destination>modm/src/modm/math/geometry/point_set_2d_impl.hpp</destination>
    <time>0.050 ms</time>
  </operation>
  <operation>
    <module>modm:math:geometry</module>
    <source>../../../../taproot/modm/src/modm/math/geometry/polygon_2d.hpp</source>
    <destination>modm/src/modm/math/geometry/polygon_2d.hpp</destination>
    <time>0.051 ms</time>
  </operation>
  <operation>
    <module>modm:math:geometry</module>
    <source>../../../../taproot/modm/src/modm/math/geometry/polygon_2d_impl.hpp</source>
    <destination>modm/src/modm/math/geometry/polygon_2d_impl.hpp</destination>
    <time>0.059 ms</time>
  </operation>
  <operation>
    <module>modm:math:geometry</module>
    <source>../../../../taproot/modm/src/modm/math/geometry/quaternion.hpp</source>
    <destination>modm/src/modm/math/geometry/quaternion.hpp</destination>
    <time>0.050 ms</time>
  </operation>
  <operation>
    <module>modm:math:geometry</module>
    <source>../../../../taproot/modm/src/modm/math/geometry/quaternion_impl.hpp</source>
    <destination>modm/src/modm/math/geometry/quaternion_impl.hpp</destination>
    <time>0.054 ms</time>
  </operation>
  <operation>
    <module>modm:math:geometry</module>
    <source>../../../../taproot/modm/src/modm/math/geometry/ray_2d.hpp</source>
    <destination>modm/src/modm/math/geometry/ray_2d.hpp</destination>
    <time>0.050 ms</time>
  </operation>
  <operation>
    <module>modm:math:geometry</module>
    <source>../../../../taproot/modm/src/modm/math/geometry/ray_2d_impl.hpp</source>
    <destination>modm/src/modm/math/geometry/ray_2d_impl.hpp</destination>
    <time>0.054 ms</time>
  </operation>
  <operation>
    <module>modm:math:geometry</module>
    <source>../../../../taproot/modm/src/modm/math/geometry/vector.hpp</source>
    <destination>modm/src/modm/math/geometry/vector.hpp</destination>
    <time>0.049 ms</time>
  </operation>
  <operation>
    <module>modm:math:geometry</module>
    <source>../../../../taproot/modm/src/modm/math/geometry/vector1.hpp</source>
    <destination>modm/src/modm/math/geometry/vector1.hpp</destination>
    <time>0.049 ms</time>
  </operation>
  <operation>
    <module>modm:math:geometry</module>
    <source>../../../../taproot/modm/src/modm/math/geometry/vector1_impl.hpp</source>
    <destination>modm/src/modm/math/geometry/vector1_impl.hpp</destination>
    <time>0.052 ms</time>
  </operation>
  <operation>
    <module>modm:math:geometry</module>
    <source>../../../../taproot/modm/src/modm/math/geometry/vector2.cpp</source>
    <destination>modm/src/modm/math/geometry/vector2.cpp</destination>
    <time>0.051 ms</time>
  </operation>
  <operation>
    <module>modm:math:geometry</module>
    <source>../../../../taproot/modm/src/modm/math/geometry/vector2.hpp</source>
    <destination>modm/src/modm/math/geometry/vector2.hpp</destination>
    <time>0.055 ms</time>
  </operation>
  <operation>
    <module>modm:math:geometry</module>
    <source>../../../../taproot/modm/src/modm/math/geometry/vector2_impl.hpp</source>
    <destination>modm/src/modm/math/geometry/vector2_impl.hpp</destination>
    <time>0.074 ms</time>
  </operation>
  <operation>
    <module>modm:math:geometry</module>
    <source>../../../../taproot/modm/src/modm/math/geometry/vector3.hpp</source>
    <destination>modm/src/modm/math/geometry/vector3.hpp</destination>
    <time>0.054 ms</time>
  </operation>
  <operation>
    <module>modm:math:geometry</module>
    <source>../../../../taproot/modm/src/modm/math/geometry/vector3_impl.hpp</source>
    <destination>modm/src/modm/math/geometry/vector3_impl.hpp</destination>
    <time>0.064 ms</time>
  </operation>
  <operation>
    <module>modm:math:geometry</module>
    <source>../../../../taproot/modm/src/modm/math/geometry/vector4.hpp</source>
    <destination>modm/src/modm/math/geometry/vector4.hpp</destination>
    <time>0.074 ms</time>
  </operation>
  <operation>
    <module>modm:math:geometry</module>
    <source>../../../../taproot/modm/src/modm/math/geometry/vector4_impl.hpp</source>
    <destination>modm/src/modm/math/geometry/vector4_impl.hpp</destination>
    <time>0.059 ms</time>
  </operation>
  <operation>
    <module>modm:math:geometry</module>
    <source>../../../../taproot/modm/src/modm/math/geometry/vector_impl.hpp</source>
    <destination>modm/src/modm/math/geometry/vector_impl.hpp</destination>
    <time>0.052 ms</time>
  </operation>
  <operation>
    <module>modm:math:interpolation</module>
    <source>../../../../taproot/modm/src/modm/math/interpolation.hpp</source>
    <destination>modm/src/modm/math/interpolation.hpp</destination>
    <time>0.077 ms</time>
  </operation>
  <operation>
    <module>modm:math:interpolation</module>
    <source>../../../../taproot/modm/src/modm/math/interpolation/lagrange.hpp</source>
    <destination>modm/src/modm/math/interpolation/lagrange.hpp</destination>
    <time>0.051 ms</time>
  </operation>
  <operation>
    <module>modm:math:interpolation</module>
    <source>../../../../taproot/modm/src/modm/math/interpolation/lagrange_impl.hpp</source>
    <destination>modm/src/modm/math/interpolation/lagrange_impl.hpp</destination>
    <time>0.052 ms</time>
  </operation>
  <operation>
    <module>modm:math:interpolation</module>
    <source>../../../../taproot/modm/src/modm/math/interpolation/linear.hpp</source>
    <destination>modm/src/modm/math/interpolation/linear.hpp</destination>
    <time>0.076 ms</time>
  </operation>
  <operation>
    <module>modm:math:interpolation</module>
    <source>../../../../taproot/modm/src/modm/math/interpolation/linear_impl.hpp</source>
    <destination>modm/src/modm/math/interpolation/linear_impl.hpp</destination>
    <time>0.057 ms</time>
  </operation>
  <operation>
    <module>modm:math:interpolation</module>
    <source>../../../../taproot/modm/src/modm/math/interpolation/module.md</source>
    <destination>modm/src/modm/math/interpolation/module.md</destination>
    <time>0.056 ms</time>
  </operation>
  <operation>
    <module>modm:math:matrix</module>
    <source>../../../../taproot/modm/src/modm/math/lu_decomposition.hpp</source>
    <destination>modm/src/modm/math/lu_decomposition.hpp</destination>
    <time>0.080 ms</time>
  </operation>
  <operation>
    <module>modm:math:matrix</module>
    <source>../../../../taproot/modm/src/modm/math/lu_decomposition_impl.hpp</source>
    <destination>modm/src/modm/math/lu_decomposition_impl.hpp</destination>
    <time>0.081 ms</time>
  </operation>
  <operation>
    <module>modm:math:matrix</module>
    <source>../../../../taproot/modm/src/modm/math/matrix.hpp</source>
    <destination>modm/src/modm/math/matrix.hpp</destination>
    <time>0.084 ms</time>
  </operation>
  <operation>
    <module>modm:math:matrix</module>
    <source>../../../../taproot/modm/src/modm/math/matrix_impl.hpp</source>
    <destination>modm/src/modm/math/matrix_impl.hpp</destination>
    <time>0.093 ms</time>
  </operation>
  <operation>
    <module>modm:math:saturated</module>
    <source>../../../../taproot/modm/src/modm/math/saturated/saturated.hpp</source>
    <destination>modm/src/modm/math/saturated/saturated.hpp</destination>
    <time>0.057 ms</time>
  </operation>
  <operation>
    <module>modm:math:saturated</module>
    <source>../../../../taproot/modm/src/modm/math/saturated/saturated__avr_s8_impl.hpp</source>
    <destination>modm/src/modm/math/saturated/saturated__avr_s8_impl.hpp</destination>
    <time>0.052 ms</time>
  </operation>
  <operation>
    <module>modm:math:saturated</module>
    <source>../../../../taproot/modm/src/modm/math/saturated/saturated__avr_u8_impl.hpp</source>
    <destination>modm/src/modm/math/saturated/saturated__avr_u8_impl.hpp</destination>
    <time>0.051 ms</time>
  </operation>
  <operation>
    <module>modm:math:saturated</module>
    <source>../../../../taproot/modm/src/modm/math/saturated/saturated_impl.hpp</source>
    <destination>modm/src/modm/math/saturated/saturated_impl.hpp</destination>
    <time>0.051 ms</time>
  </operation>
  <operation>
    <module>modm:math:units</module>
    <source>../../../../taproot/modm/src/modm/math/units.hpp</source>
    <destination>modm/src/modm/math/units.hpp</destination>
    <time>0.077 ms</time>
  </operation>
  <operation>
    <module>modm:math:utils</module>
    <source>../../../../taproot/modm/src/modm/math/utils.hpp</source>
    <destination>modm/src/modm/math/utils.hpp</destination>
    <time>0.083 ms</time>
  </operation>
  <operation>
    <module>modm:math:utils</module>
    <source>../../../../taproot/modm/src/modm/math/utils/arithmetic_traits.hpp</source>
    <destination>modm/src/modm/math/utils/arithmetic_traits.hpp</destination>
    <time>0.055 ms</time>
  </operation>
  <operation>
    <module>modm:math:utils</module>
    <source>../../../../taproot/modm/src/modm/math/utils/bit_constants.hpp</source>
    <destination>modm/src/modm/math/utils/bit_constants.hpp</destination>
    <time>0.073 ms</time>
  </operation>
  <operation>
    <module>modm:math:utils</module>
    <source>../../../../taproot/modm/src/modm/math/utils/bit_operation.cpp</source>
    <destination>modm/src/modm/math/utils/bit_operation.cpp</destination>
    <time>0.052 ms</time>
  </operation>
  <operation>
    <module>modm:math:utils</module>
    <source>../../../../taproot/modm/src/modm/math/utils/bit_operation.hpp</source>
    <destination>modm/src/modm/math/utils/bit_operation.hpp</destination>
    <time>0.058 ms</time>
  </operation>
  <operation>
    <module>modm:math:utils</module>
    <source>../../../../taproot/modm/src/modm/math/utils/crc.hpp</source>
    <destination>modm/src/modm/math/utils/crc.hpp</destination>
    <time>0.053 ms</time>
  </operation>
  <operation>
    <module>modm:math:utils</module>
    <source>../../../../taproot/modm/src/modm/math/utils/endianness.hpp</source>
    <destination>modm/src/modm/math/utils/endianness.hpp</destination>
    <time>0.055 ms</time>
  </operation>
  <operation>
    <module>modm:math:utils</module>
    <source>../../../../taproot/modm/src/modm/math/utils/misc.hpp</source>
    <destination>modm/src/modm/math/utils/misc.hpp</destination>
    <time>0.093 ms</time>
  </operation>
  <operation>
    <module>modm:math:utils</module>
    <source>../../../../taproot/modm/src/modm/math/utils/operator.hpp</source>
    <destination>modm/src/modm/math/utils/operator.hpp</destination>
    <time>0.060 ms</time>
  </operation>
  <operation>
    <module>modm:math:utils</module>
    <source>../../../../taproot/modm/src/modm/math/utils/operator_impl.hpp</source>
    <destination>modm/src/modm/math/utils/operator_impl.hpp</destination>
    <time>0.102 ms</time>
  </operation>
  <operation>
    <module>modm:math:utils</module>
    <source>../../../../taproot/modm/src/modm/math/utils/pc/operator.cpp</source>
    <destination>modm/src/modm/math/utils/pc/operator.cpp</destination>
    <time>0.066 ms</time>
  </operation>
  <operation>
    <module>modm:platform</module>
    <source>../../../../taproot/modm/src/modm/platform/platform.hpp.in</source>
    <destination>modm/src/modm/platform.hpp</destination>
    <time>1.174 ms</time>
  </operation>
  <operation>
    <module>modm:platform:core</module>
    <source>../../../../taproot/modm/src/modm/platform/core/cortex/assert.cpp.in</source>
    <destination>modm/src/modm/platform/core/assert.cpp</destination>
    <time>3.293 ms</time>
  </operation>
  <operation>
    <module>modm:platform:core</module>
    <source>../../../../taproot/modm/src/modm/platform/core/cortex/assert_impl.hpp.in</source>
    <destination>modm/src/modm/platform/core/assert_impl.hpp</destination>
    <time>1.000 ms</time>
  </operation>
  <operation>
    <module>modm:platform:core</module>
    <source>../../../../taproot/modm/src/modm/platform/core/cortex/flash_reader_impl.hpp</source>
    <destination>modm/src/modm/platform/core/flash_reader_impl.hpp</destination>
    <time>0.086 ms</time>
  </operation>
  <operation>
    <module>modm:platform:core</module>
    <source>../../../../taproot/modm/src/modm/platform/core/hosted/atomic_lock_impl.hpp</source>
    <destination>modm/src/modm/platform/core/atomic_lock_impl.hpp</destination>
    <time>0.086 ms</time>
  </operation>
  <operation>
    <module>modm:platform:core</module>
    <source>../../../../taproot/modm/src/modm/platform/core/hosted/clock.cpp</source>
    <destination>modm/src/modm/platform/core/clock.cpp</destination>
    <time>0.088 ms</time>
  </operation>
  <operation>
    <module>modm:platform:core</module>
    <source>../../../../taproot/modm/src/modm/platform/core/hosted/delay_impl.hpp.in</source>
    <destination>modm/src/modm/platform/core/delay_impl.hpp</destination>
    <time>1.095 ms</time>
  </operation>
  <operation>
    <module>modm:platform:core</module>
    <source>../../../../taproot/modm/src/modm/platform/core/hosted/memory.cpp</source>
    <destination>modm/src/modm/platform/core/memory.cpp</destination>
    <time>0.092 ms</time>
  </operation>
  <operation>
    <module>modm:processing</module>
    <source>../../../../taproot/modm/src/modm/processing/processing.hpp.in</source>
    <destination>modm/src/modm/processing.hpp</destination>
    <time>0.997 ms</time>
  </operation>
  <operation>
    <module>modm:processing</module>
    <source>../../../../taproot/modm/src/modm/processing/task.hpp</source>
    <destination>modm/src/modm/processing/task.hpp</destination>
    <time>0.106 ms</time>
  </operation>
  <operation>
    <module>modm:processing:protothread</module>
    <source>../../../../taproot/modm/src/modm/processing/protothread.hpp</source>
    <destination>modm/src/modm/processing/protothread.hpp</destination>
    <time>0.080 ms</time>
  </operation>
  <operation>
    <module>modm:processing:protothread</module>
    <source>../../../../taproot/modm/src/modm/processing/protothread/macros.hpp</source>
    <destination>modm/src/modm/processing/protothread/macros.hpp</destination>
    <time>0.051 ms</time>
  </operation>
  <operation>
    <module>modm:processing:protothread</module>
    <source>../../../../taproot/modm/src/modm/processing/protothread/module.md</source>
    <destination>modm/src/modm/processing/protothread/module.md</destination>
    <time>0.052 ms</time>
  </operation>
  <operation>
    <module>modm:processing:protothread</module>
    <source>../../../../taproot/modm/src/modm/processing/protothread/protothread.hpp</source>
    <destination>modm/src/modm/processing/protothread/protothread.hpp</destination>
    <time>0.079 ms</time>
  </operation>
  <operation>
    <module>modm:processing:protothread</module>
    <source>../../../../taproot/modm/src/modm/processing/protothread/semaphore.hpp</source>
    <destination>modm/src/modm/processing/protothread/semaphore.hpp</destination>
    <time>0.057 ms</time>
  </operation>
  <operation>
    <module>modm:processing:resumable</module>
    <source>../../../../taproot/modm/src/modm/processing/resumable.hpp</source>
    <destination>modm/src/modm/processing/resumable.hpp</destination>
    <time>0.084 ms</time>
  </operation>
  <operation>
    <module>modm:processing:resumable</module>
    <source>../../../../taproot/modm/src/modm/processing/resumable/macros.hpp</source>
    <destination>modm/src/modm/processing/resumable/macros.hpp</destination>
    <time>0.061 ms</time>
  </operation>
  <operation>
    <module>modm:processing:resumable</module>
    <source>../../../../taproot/modm/src/modm/processing/resumable/nested_resumable.hpp.in</source>
    <destination>modm/src/modm/processing/resumable/nested_resumable.hpp</destination>
    <time>2.062 ms</time>
  </operation>
  <operation>
    <module>modm:processing:resumable</module>
    <source>../../../../taproot/modm/src/modm/processing/resumable/resumable.hpp</source>
    <destination>modm/src/modm/processing/resumable/resumable.hpp</destination>
    <time>0.077 ms</time>
  </operation>
  <operation>
    <module>modm:processing:timer</module>
    <source>../../../../taproot/modm/src/modm/processing/timer.hpp</source>
    <destination>modm/src/modm/processing/timer.hpp</destination>
    <time>0.080 ms</time>
  </operation>
  <operation>
    <module>modm:processing:timer</module>
    <source>../../../../taproot/modm/src/modm/processing/timer/module.md</source>
    <destination>modm/src/modm/processing/timer/module.md</destination>
    <time>0.055 ms</time>
  </operation>
  <operation>
    <module>modm:processing:timer</module>
    <source>../../../../taproot/modm/src/modm/processing/timer/periodic_timer.hpp</source>
    <destination>modm/src/modm/processing/timer/periodic_timer.hpp</destination>
    <time>0.056 ms</time>
  </operation>
  <operation>
    <module>modm:processing:timer</module>
    <source>../../../../taproot/modm/src/modm/processing/timer/timeout.hpp</source>
    <destination>modm/src/modm/processing/timer/timeout.hpp</destination>
    <time>0.077 ms</time>
  </operation>
  <operation>
    <module>modm:processing:timer</module>
    <source>../../../../taproot/modm/src/modm/processing/timer/timeout_impl.hpp</source>
    <destination>modm/src/modm/processing/timer/timeout_impl.hpp</destination>
    <time>0.052 ms</time>
  </operation>
  <operation>
    <module>modm:processing:timer</module>
    <source>../../../../taproot/modm/src/modm/processing/timer/timestamp.hpp</source>
    <destination>modm/src/modm/processing/timer/timestamp.hpp</destination>
    <time>0.056 ms</time>
  </operation>
  <operation>
    <module>modm:ui:color</module>
    <source>../../../../taproot/modm/src/modm/ui/color.hpp</source>
    <destination>modm/src/modm/ui/color.hpp</destination>
    <time>0.080 ms</time>
  </operation>
  <operation>
    <module>modm:ui:color</module>
    <source>../../../../taproot/modm/src/modm/ui/color/brightness.hpp</source>
    <destination>modm/src/modm/ui/color/brightness.hpp</destination>
    <time>0.055 ms</time>
  </operation>
  <operation>
    <module>modm:ui:color</module>
    <source>../../../../taproot/modm/src/modm/ui/color/hsv.hpp</source>
    <destination>modm/src/modm/ui/color/hsv.hpp</destination>
    <time>0.117 ms</time>
  </operation>
  <operation>
    <module>modm:ui:color</module>
    <source>../../../../taproot/modm/src/modm/ui/color/hsv_impl.hpp</source>
    <destination>modm/src/modm/ui/color/hsv_impl.hpp</destination>
    <time>0.058 ms</time>
  </operation>
  <operation>
    <module>modm:ui:color</module>
    <source>../../../../taproot/modm/src/modm/ui/color/rgb.hpp</source>
    <destination>modm/src/modm/ui/color/rgb.hpp</destination>
    <time>0.072 ms</time>
  </operation>
  <operation>
    <module>modm:ui:color</module>
    <source>../../../../taproot/modm/src/modm/ui/color/rgb565.hpp</source>
    <destination>modm/src/modm/ui/color/rgb565.hpp</destination>
    <time>0.086 ms</time>
  </operation>
  <operation>
    <module>modm:ui:color</module>
    <source>../../../../taproot/modm/src/modm/ui/color/rgb_impl.hpp</source>
    <destination>modm/src/modm/ui/color/rgb_impl.hpp</destination>
    <time>0.065 ms</time>
  </operation>
  <operation>
    <module>modm:ui:color</module>
    <source>../../../../taproot/modm/src/modm/ui/color/rgbhtml.hpp</source>
    <destination>modm/src/modm/ui/color/rgbhtml.hpp</destination>
    <time>0.054 ms</time>
  </operation>
  <operation>
    <module>modm:ui:display</module>
    <source>../../../../taproot/modm/src/modm/ui/display.hpp</source>
    <destination>modm/src/modm/ui/display.hpp</destination>
    <time>0.089 ms</time>
  </operation>
  <operation>
    <module>modm:ui:display</module>
    <source>../../../../taproot/modm/src/modm/ui/display/character_display.cpp</source>
    <destination>modm/src/modm/ui/display/character_display.cpp</destination>
    <time>0.051 ms</time>
  </operation>
  <operation>
    <module>modm:ui:display</module>
    <source>../../../../taproot/modm/src/modm/ui/display/character_display.hpp</source>
    <destination>modm/src/modm/ui/display/character_display.hpp</destination>
    <time>0.053 ms</time>
  </operation>
  <operation>
    <module>modm:ui:display</module>
    <source>../../../../taproot/modm/src/modm/ui/display/color_graphic_display.hpp</source>
    <destination>modm/src/modm/ui/display/color_graphic_display.hpp</destination>
    <time>0.064 ms</time>
  </operation>
  <operation>
    <module>modm:ui:display</module>
    <source>../../../../taproot/modm/src/modm/ui/display/font.hpp</source>
    <destination>modm/src/modm/ui/display/font.hpp</destination>
    <time>0.058 ms</time>
  </operation>
  <operation>
    <module>modm:ui:display</module>
    <source>../../../../taproot/modm/src/modm/ui/display/font/SConscript.generate</source>
    <destination>modm/src/modm/ui/display/font/SConscript.generate</destination>
    <time>0.066 ms</time>
  </operation>
  <operation>
    <module>modm:ui:display</module>
    <source>../../../../taproot/modm/src/modm/ui/display/font/all_caps_3x5.cpp</source>
    <destination>modm/src/modm/ui/display/font/all_caps_3x5.cpp</destination>
    <time>0.057 ms</time>
  </operation>
  <operation>
    <module>modm:ui:display</module>
    <source>../../../../taproot/modm/src/modm/ui/display/font/all_caps_3x5.hpp</source>
    <destination>modm/src/modm/ui/display/font/all_caps_3x5.hpp</destination>
    <time>0.066 ms</time>
  </operation>
  <operation>
    <module>modm:ui:display</module>
    <source>../../../../taproot/modm/src/modm/ui/display/font/arcade_classic.cpp</source>
    <destination>modm/src/modm/ui/display/font/arcade_classic.cpp</destination>
    <time>0.060 ms</time>
  </operation>
  <operation>
    <module>modm:ui:display</module>
    <source>../../../../taproot/modm/src/modm/ui/display/font/arcade_classic.hpp</source>
    <destination>modm/src/modm/ui/display/font/arcade_classic.hpp</destination>
    <time>0.060 ms</time>
  </operation>
  <operation>
    <module>modm:ui:display</module>
    <source>../../../../taproot/modm/src/modm/ui/display/font/assertion.cpp</source>
    <destination>modm/src/modm/ui/display/font/assertion.cpp</destination>
    <time>0.081 ms</time>
  </operation>
  <operation>
    <module>modm:ui:display</module>
    <source>../../../../taproot/modm/src/modm/ui/display/font/assertion.hpp</source>
    <destination>modm/src/modm/ui/display/font/assertion.hpp</destination>
    <time>0.055 ms</time>
  </operation>
  <operation>
    <module>modm:ui:display</module>
    <source>../../../../taproot/modm/src/modm/ui/display/font/fixed_width_5x8.cpp</source>
    <destination>modm/src/modm/ui/display/font/fixed_width_5x8.cpp</destination>
    <time>0.062 ms</time>
  </operation>
  <operation>
    <module>modm:ui:display</module>
    <source>../../../../taproot/modm/src/modm/ui/display/font/fixed_width_5x8.hpp</source>
    <destination>modm/src/modm/ui/display/font/fixed_width_5x8.hpp</destination>
    <time>0.059 ms</time>
  </operation>
  <operation>
    <module>modm:ui:display</module>
    <source>../../../../taproot/modm/src/modm/ui/display/font/matrix_8x8.cpp</source>
    <destination>modm/src/modm/ui/display/font/matrix_8x8.cpp</destination>
    <time>0.054 ms</time>
  </operation>
  <operation>
    <module>modm:ui:display</module>
    <source>../../../../taproot/modm/src/modm/ui/display/font/matrix_8x8.hpp</source>
    <destination>modm/src/modm/ui/display/font/matrix_8x8.hpp</destination>
    <time>0.053 ms</time>
  </operation>
  <operation>
    <module>modm:ui:display</module>
    <source>../../../../taproot/modm/src/modm/ui/display/font/numbers_14x32.cpp</source>
    <destination>modm/src/modm/ui/display/font/numbers_14x32.cpp</destination>
    <time>0.059 ms</time>
  </operation>
  <operation>
    <module>modm:ui:display</module>
    <source>../../../../taproot/modm/src/modm/ui/display/font/numbers_14x32.hpp</source>
    <destination>modm/src/modm/ui/display/font/numbers_14x32.hpp</destination>
    <time>0.052 ms</time>
  </operation>
  <operation>
    <module>modm:ui:display</module>
    <source>../../../../taproot/modm/src/modm/ui/display/font/numbers_40x56.cpp</source>
    <destination>modm/src/modm/ui/display/font/numbers_40x56.cpp</destination>
    <time>0.074 ms</time>
  </operation>
  <operation>
    <module>modm:ui:display</module>
    <source>../../../../taproot/modm/src/modm/ui/display/font/numbers_40x56.hpp</source>
    <destination>modm/src/modm/ui/display/font/numbers_40x56.hpp</destination>
    <time>0.068 ms</time>
  </operation>
  <operation>
    <module>modm:ui:display</module>
    <source>../../../../taproot/modm/src/modm/ui/display/font/numbers_46x64.cpp</source>
    <destination>modm/src/modm/ui/display/font/numbers_46x64.cpp</destination>
    <time>0.100 ms</time>
  </operation>
  <operation>
    <module>modm:ui:display</module>
    <source>../../../../taproot/modm/src/modm/ui/display/font/numbers_46x64.hpp</source>
    <destination>modm/src/modm/ui/display/font/numbers_46x64.hpp</destination>
    <time>0.053 ms</time>
  </operation>
  <operation>
    <module>modm:ui:display</module>
    <source>../../../../taproot/modm/src/modm/ui/display/font/scripto_narrow.cpp</source>
    <destination>modm/src/modm/ui/display/font/scripto_narrow.cpp</destination>
    <time>0.062 ms</time>
  </operation>
  <operation>
    <module>modm:ui:display</module>
    <source>../../../../taproot/modm/src/modm/ui/display/font/scripto_narrow.hpp</source>
    <destination>modm/src/modm/ui/display/font/scripto_narrow.hpp</destination>
    <time>0.052 ms</time>
  </operation>
  <operation>
    <module>modm:ui:display</module>
    <source>../../../../taproot/modm/src/modm/ui/display/font/ubuntu_36.cpp</source>
    <destination>modm/src/modm/ui/display/font/ubuntu_36.cpp</destination>
    <time>0.074 ms</time>
  </operation>
  <operation>
    <module>modm:ui:display</module>
    <source>../../../../taproot/modm/src/modm/ui/display/font/ubuntu_36.hpp</source>
    <destination>modm/src/modm/ui/display/font/ubuntu_36.hpp</destination>
    <time>0.060 ms</time>
  </operation>
  <operation>
    <module>modm:ui:display</module>
    <source>../../../../taproot/modm/src/modm/ui/display/graphic_display.cpp</source>
    <destination>modm/src/modm/ui/display/graphic_display.cpp</destination>
    <time>0.058 ms</time>
  </operation>
  <operation>
    <module>modm:ui:display</module>
    <source>../../../../taproot/modm/src/modm/ui/display/graphic_display.hpp</source>
    <destination>modm/src/modm/ui/display/graphic_display.hpp</destination>
    <time>0.100 ms</time>
  </operation>
  <operation>
    <module>modm:ui:display</module>
    <source>../../../../taproot/modm/src/modm/ui/display/graphic_display_fill.cpp</source>
    <destination>modm/src/modm/ui/display/graphic_display_fill.cpp</destination>
    <time>0.052 ms</time>
  </operation>
  <operation>
    <module>modm:ui:display</module>
    <source>../../../../taproot/modm/src/modm/ui/display/graphic_display_text.cpp</source>
    <destination>modm/src/modm/ui/display/graphic_display_text.cpp</destination>
    <time>0.055 ms</time>
  </operation>
  <operation>
    <module>modm:ui:display</module>
    <source>../../../../taproot/modm/src/modm/ui/display/image.hpp</source>
    <destination>modm/src/modm/ui/display/image.hpp</destination>
    <time>0.054 ms</time>
  </operation>
  <operation>
    <module>modm:ui:display</module>
    <source>../../../../taproot/modm/src/modm/ui/display/image/SConscript.generate</source>
    <destination>modm/src/modm/ui/display/image/SConscript.generate</destination>
    <time>0.056 ms</time>
  </operation>
  <operation>
    <module>modm:ui:display</module>
    <source>../../../../taproot/modm/src/modm/ui/display/image/home_16x16.cpp</source>
    <destination>modm/src/modm/ui/display/image/home_16x16.cpp</destination>
    <time>0.068 ms</time>
  </operation>
  <operation>
    <module>modm:ui:display</module>
    <source>../../../../taproot/modm/src/modm/ui/display/image/home_16x16.hpp</source>
    <destination>modm/src/modm/ui/display/image/home_16x16.hpp</destination>
    <time>0.066 ms</time>
  </operation>
  <operation>
    <module>modm:ui:display</module>
    <source>../../../../taproot/modm/src/modm/ui/display/image/logo_eurobot_90x64.cpp</source>
    <destination>modm/src/modm/ui/display/image/logo_eurobot_90x64.cpp</destination>
    <time>0.057 ms</time>
  </operation>
  <operation>
    <module>modm:ui:display</module>
    <source>../../../../taproot/modm/src/modm/ui/display/image/logo_eurobot_90x64.hpp</source>
    <destination>modm/src/modm/ui/display/image/logo_eurobot_90x64.hpp</destination>
    <time>0.057 ms</time>
  </operation>
  <operation>
    <module>modm:ui:display</module>
    <source>../../../../taproot/modm/src/modm/ui/display/image/logo_rca_90x64.cpp</source>
    <destination>modm/src/modm/ui/display/image/logo_rca_90x64.cpp</destination>
    <time>0.089 ms</time>
  </operation>
  <operation>
    <module>modm:ui:display</module>
    <source>../../../../taproot/modm/src/modm/ui/display/image/logo_rca_90x64.hpp</source>
    <destination>modm/src/modm/ui/display/image/logo_rca_90x64.hpp</destination>
    <time>0.071 ms</time>
  </operation>
  <operation>
    <module>modm:ui:display</module>
    <source>../../../../taproot/modm/src/modm/ui/display/image/skull_64x64.cpp</source>
    <destination>modm/src/modm/ui/display/image/skull_64x64.cpp</destination>
    <time>0.061 ms</time>
  </operation>
  <operation>
    <module>modm:ui:display</module>
    <source>../../../../taproot/modm/src/modm/ui/display/image/skull_64x64.hpp</source>
    <destination>modm/src/modm/ui/display/image/skull_64x64.hpp</destination>
    <time>0.057 ms</time>
  </operation>
  <operation>
    <module>modm:ui:display</module>
    <source>../../../../taproot/modm/src/modm/ui/display/monochrome_graphic_display.hpp</source>
    <destination>modm/src/modm/ui/display/monochrome_graphic_display.hpp</destination>
    <time>0.058 ms</time>
  </operation>
  <operation>
    <module>modm:ui:display</module>
    <source>../../../../taproot/modm/src/modm/ui/display/monochrome_graphic_display_horizontal.hpp</source>
    <destination>modm/src/modm/ui/display/monochrome_graphic_display_horizontal.hpp</destination>
    <time>0.053 ms</time>
  </operation>
  <operation>
    <module>modm:ui:display</module>
    <source>../../../../taproot/modm/src/modm/ui/display/monochrome_graphic_display_horizontal_impl.hpp</source>
    <destination>modm/src/modm/ui/display/monochrome_graphic_display_horizontal_impl.hpp</destination>
    <time>0.086 ms</time>
  </operation>
  <operation>
    <module>modm:ui:display</module>
    <source>../../../../taproot/modm/src/modm/ui/display/monochrome_graphic_display_impl.hpp</source>
    <destination>modm/src/modm/ui/display/monochrome_graphic_display_impl.hpp</destination>
    <time>0.067 ms</time>
  </operation>
  <operation>
    <module>modm:ui:display</module>
    <source>../../../../taproot/modm/src/modm/ui/display/monochrome_graphic_display_vertical.hpp</source>
    <destination>modm/src/modm/ui/display/monochrome_graphic_display_vertical.hpp</destination>
    <time>0.063 ms</time>
  </operation>
  <operation>
    <module>modm:ui:display</module>
    <source>../../../../taproot/modm/src/modm/ui/display/monochrome_graphic_display_vertical_impl.hpp</source>
    <destination>modm/src/modm/ui/display/monochrome_graphic_display_vertical_impl.hpp</destination>
    <time>0.085 ms</time>
  </operation>
  <operation>
    <module>modm:ui:display</module>
    <source>../../../../taproot/modm/src/modm/ui/display/virtual_graphic_display.cpp</source>
    <destination>modm/src/modm/ui/display/virtual_graphic_display.cpp</destination>
    <time>0.084 ms</time>
  </operation>
  <operation>
    <module>modm:ui:display</module>
    <source>../../../../taproot/modm/src/modm/ui/display/virtual_graphic_display.hpp</source>
    <destination>modm/src/modm/ui/display/virtual_graphic_display.hpp</destination>
    <time>0.053 ms</time>
  </operation>
  <operation>
    <module>modm:ui:menu</module>
    <source>../../../../taproot/modm/src/modm/ui/menu.hpp</source>
    <destination>modm/src/modm/ui/menu.hpp</destination>
    <time>0.097 ms</time>
  </operation>
  <operation>
    <module>modm:ui:menu</module>
    <source>../../../../taproot/modm/src/modm/ui/menu/abstract_menu.hpp</source>
    <destination>modm/src/modm/ui/menu/abstract_menu.hpp</destination>
    <time>0.053 ms</time>
  </operation>
  <operation>
    <module>modm:ui:menu</module>
    <source>../../../../taproot/modm/src/modm/ui/menu/abstract_view.hpp</source>
    <destination>modm/src/modm/ui/menu/abstract_view.hpp</destination>
    <time>0.053 ms</time>
  </operation>
  <operation>
    <module>modm:ui:menu</module>
    <source>../../../../taproot/modm/src/modm/ui/menu/choice_menu.hpp</source>
    <destination>modm/src/modm/ui/menu/choice_menu.hpp</destination>
    <time>0.053 ms</time>
  </operation>
  <operation>
    <module>modm:ui:menu</module>
    <source>../../../../taproot/modm/src/modm/ui/menu/choice_menu_entry.cpp</source>
    <destination>modm/src/modm/ui/menu/choice_menu_entry.cpp</destination>
    <time>0.089 ms</time>
  </operation>
  <operation>
    <module>modm:ui:menu</module>
    <source>../../../../taproot/modm/src/modm/ui/menu/choice_menu_entry.hpp</source>
    <destination>modm/src/modm/ui/menu/choice_menu_entry.hpp</destination>
    <time>0.055 ms</time>
  </operation>
  <operation>
    <module>modm:ui:menu</module>
    <source>../../../../taproot/modm/src/modm/ui/menu/choice_menu_impl.hpp</source>
    <destination>modm/src/modm/ui/menu/choice_menu_impl.hpp</destination>
    <time>0.057 ms</time>
  </operation>
  <operation>
    <module>modm:ui:menu</module>
    <source>../../../../taproot/modm/src/modm/ui/menu/communicating_view.hpp</source>
    <destination>modm/src/modm/ui/menu/communicating_view.hpp</destination>
    <time>0.054 ms</time>
  </operation>
  <operation>
    <module>modm:ui:menu</module>
    <source>../../../../taproot/modm/src/modm/ui/menu/communicating_view_stack.hpp</source>
    <destination>modm/src/modm/ui/menu/communicating_view_stack.hpp</destination>
    <time>0.057 ms</time>
  </operation>
  <operation>
    <module>modm:ui:menu</module>
    <source>../../../../taproot/modm/src/modm/ui/menu/iabstract_view.hpp</source>
    <destination>modm/src/modm/ui/menu/iabstract_view.hpp</destination>
    <time>0.061 ms</time>
  </operation>
  <operation>
    <module>modm:ui:menu</module>
    <source>../../../../taproot/modm/src/modm/ui/menu/menu_buttons.hpp</source>
    <destination>modm/src/modm/ui/menu/menu_buttons.hpp</destination>
    <time>0.054 ms</time>
  </operation>
  <operation>
    <module>modm:ui:menu</module>
    <source>../../../../taproot/modm/src/modm/ui/menu/menu_entry_callback.hpp</source>
    <destination>modm/src/modm/ui/menu/menu_entry_callback.hpp</destination>
    <time>0.055 ms</time>
  </operation>
  <operation>
    <module>modm:ui:menu</module>
    <source>../../../../taproot/modm/src/modm/ui/menu/scrollable_text.cpp</source>
    <destination>modm/src/modm/ui/menu/scrollable_text.cpp</destination>
    <time>0.054 ms</time>
  </operation>
  <operation>
    <module>modm:ui:menu</module>
    <source>../../../../taproot/modm/src/modm/ui/menu/scrollable_text.hpp</source>
    <destination>modm/src/modm/ui/menu/scrollable_text.hpp</destination>
    <time>0.055 ms</time>
  </operation>
  <operation>
    <module>modm:ui:menu</module>
    <source>../../../../taproot/modm/src/modm/ui/menu/standard_menu.hpp</source>
    <destination>modm/src/modm/ui/menu/standard_menu.hpp</destination>
    <time>0.066 ms</time>
  </operation>
  <operation>
    <module>modm:ui:menu</module>
    <source>../../../../taproot/modm/src/modm/ui/menu/standard_menu_impl.hpp</source>
    <destination>modm/src/modm/ui/menu/standard_menu_impl.hpp</destination>
    <time>0.057 ms</time>
  </operation>
  <operation>
    <module>modm:ui:menu</module>
    <source>../../../../taproot/modm/src/modm/ui/menu/view_stack.hpp</source>
    <destination>modm/src/modm/ui/menu/view_stack.hpp</destination>
    <time>0.054 ms</time>
  </operation>
  <operation>
    <module>modm:utils</module>
    <source>../../../../taproot/modm/src/modm/utils/aligned_storage.hpp</source>
    <destination>modm/src/modm/utils/aligned_storage.hpp</destination>
    <time>0.051 ms</time>
  </operation>
  <operation>
    <module>modm:utils</module>
    <source>../../../../taproot/modm/src/modm/utils/allocator.hpp</source>
    <destination>modm/src/modm/utils/allocator.hpp</destination>
    <time>0.051 ms</time>
  </operation>
  <operation>
    <module>modm:utils</module>
    <source>../../../../taproot/modm/src/modm/utils/allocator/allocator_base.hpp</source>
    <destination>modm/src/modm/utils/allocator/allocator_base.hpp</destination>
    <time>0.055 ms</time>
  </operation>
  <operation>
    <module>modm:utils</module>
    <source>../../../../taproot/modm/src/modm/utils/allocator/block.hpp</source>
    <destination>modm/src/modm/utils/allocator/block.hpp</destination>
    <time>0.048 ms</time>
  </operation>
  <operation>
    <module>modm:utils</module>
    <source>../../../../taproot/modm/src/modm/utils/allocator/dynamic.hpp</source>
    <destination>modm/src/modm/utils/allocator/dynamic.hpp</destination>
    <time>0.050 ms</time>
  </operation>
  <operation>
    <module>modm:utils</module>
    <source>../../../../taproot/modm/src/modm/utils/allocator/static.hpp</source>
    <destination>modm/src/modm/utils/allocator/static.hpp</destination>
    <time>0.050 ms</time>
  </operation>
  <operation>
    <module>modm:utils</module>
    <source>../../../../taproot/modm/src/modm/utils/dummy.cpp</source>
    <destination>modm/src/modm/utils/dummy.cpp</destination>
    <time>0.056 ms</time>
  </operation>
  <operation>
    <module>modm:utils</module>
    <source>../../../../taproot/modm/src/modm/utils/dummy.hpp</source>
    <destination>modm/src/modm/utils/dummy.hpp</destination>
    <time>0.095 ms</time>
  </operation>
  <operation>
    <module>modm:utils</module>
    <source>../../../../taproot/modm/src/modm/utils/inplace_any.hpp</source>
    <destination>modm/src/modm/utils/inplace_any.hpp</destination>
    <time>0.059 ms</time>
  </operation>
  <operation>
    <module>modm:utils</module>
    <source>../../../../taproot/modm/src/modm/utils/inplace_function.hpp</source>
    <destination>modm/src/modm/utils/inplace_function.hpp</destination>
    <time>0.061 ms</time>
  </operation>
  <operation>
    <module>modm:utils</module>
    <source>../../../../taproot/modm/src/modm/utils/type_traits.hpp</source>
    <destination>modm/src/modm/utils/type_traits.hpp</destination>
    <time>0.058 ms</time>
  </operation>
  <operation>
    <module>modm:utils</module>
    <source>../../../../taproot/modm/src/modm/utils/utils.hpp</source>
    <destination>modm/src/modm/utils.hpp</destination>
    <time>0.079 ms</time>
  </operation>
</buildlog>
