<?xml version='1.0' encoding='UTF-8'?>
<buildlog>
  <outpath>.</outpath>
  <operation>
    <module>lbuild</module>
    <source>buildlog.xml.in</source>
    <destination>project.xml.log</destination>
  </operation>
  <operation>
    <module>taproot</module>
    <source>../taproot/README.generation.md</source>
    <destination>taproot/README.md</destination>
    <time>0.073 ms</time>
  </operation>
  <operation>
    <module>taproot:board</module>
    <source>../taproot/src/tap/board/board.cpp</source>
    <destination>taproot/src/tap/board/board.cpp</destination>
    <time>0.101 ms</time>
  </operation>
  <operation>
    <module>taproot:board</module>
    <source>../taproot/src/tap/board/rm-dev-board-a/board.hpp.in</source>
    <destination>taproot/src/tap/board/board.hpp</destination>
    <time>3.354 ms</time>
  </operation>
  <operation>
    <module>taproot:build</module>
    <source>../taproot/build-tools/SConscript</source>
    <destination>taproot/SConscript</destination>
    <time>0.110 ms</time>
  </operation>
  <operation>
    <module>taproot:communication:can</module>
    <source>../taproot/src/tap/communication/can/can.cpp.in</source>
    <destination>taproot/src/tap/communication/can/can.cpp</destination>
    <time>1.155 ms</time>
  </operation>
  <operation>
    <module>taproot:communication:can</module>
    <source>../taproot/src/tap/communication/can/can.hpp</source>
    <destination>taproot/src/tap/communication/can/can.hpp</destination>
    <time>0.070 ms</time>
  </operation>
  <operation>
    <module>taproot:communication:can</module>
    <source>../taproot/src/tap/communication/can/can_bus.hpp</source>
    <destination>taproot/src/tap/communication/can/can_bus.hpp</destination>
    <time>0.110 ms</time>
  </operation>
  <operation>
    <module>taproot:communication:can</module>
    <source>../taproot/src/tap/communication/can/can_rx_handler.cpp</source>
    <destination>taproot/src/tap/communication/can/can_rx_handler.cpp</destination>
    <time>0.079 ms</time>
  </operation>
  <operation>
    <module>taproot:communication:can</module>
    <source>../taproot/src/tap/communication/can/can_rx_handler.hpp</source>
    <destination>taproot/src/tap/communication/can/can_rx_handler.hpp</destination>
    <time>0.077 ms</time>
  </operation>
  <operation>
    <module>taproot:communication:can</module>
    <source>../taproot/src/tap/communication/can/can_rx_listener.cpp</source>
    <destination>taproot/src/tap/communication/can/can_rx_listener.cpp</destination>
    <time>0.072 ms</time>
  </operation>
  <operation>
    <module>taproot:communication:can</module>
    <source>../taproot/src/tap/communication/can/can_rx_listener.hpp</source>
    <destination>taproot/src/tap/communication/can/can_rx_listener.hpp</destination>
    <time>0.069 ms</time>
  </operation>
  <operation>
    <module>taproot:communication:gpio:analog</module>
    <source>../taproot/src/tap/communication/gpio/analog.cpp.in</source>
    <destination>taproot/src/tap/communication/gpio/analog.cpp</destination>
    <time>2.421 ms</time>
  </operation>
  <operation>
    <module>taproot:communication:gpio:analog</module>
    <source>../taproot/src/tap/communication/gpio/analog.hpp.in</source>
    <destination>taproot/src/tap/communication/gpio/analog.hpp</destination>
    <time>0.722 ms</time>
  </operation>
  <operation>
    <module>taproot:communication:gpio:digital</module>
    <source>../taproot/src/tap/communication/gpio/digital.cpp.in</source>
    <destination>taproot/src/tap/communication/gpio/digital.cpp</destination>
    <time>1.389 ms</time>
  </operation>
  <operation>
    <module>taproot:communication:gpio:digital</module>
    <source>../taproot/src/tap/communication/gpio/digital.hpp.in</source>
    <destination>taproot/src/tap/communication/gpio/digital.hpp</destination>
    <time>1.082 ms</time>
  </operation>
  <operation>
    <module>taproot:communication:gpio:leds</module>
    <source>../taproot/src/tap/communication/gpio/leds.cpp.in</source>
    <destination>taproot/src/tap/communication/gpio/leds.cpp</destination>
    <time>1.378 ms</time>
  </operation>
  <operation>
    <module>taproot:communication:gpio:leds</module>
    <source>../taproot/src/tap/communication/gpio/leds.hpp.in</source>
    <destination>taproot/src/tap/communication/gpio/leds.hpp</destination>
    <time>1.060 ms</time>
  </operation>
  <operation>
    <module>taproot:communication:gpio:pwm</module>
    <source>../taproot/src/tap/communication/gpio/pwm.cpp.in</source>
    <destination>taproot/src/tap/communication/gpio/pwm.cpp</destination>
    <time>6.649 ms</time>
  </operation>
  <operation>
    <module>taproot:communication:gpio:pwm</module>
    <source>../taproot/src/tap/communication/gpio/pwm.hpp.in</source>
    <destination>taproot/src/tap/communication/gpio/pwm.hpp</destination>
    <time>2.129 ms</time>
  </operation>
  <operation>
    <module>taproot:communication:sensors</module>
    <source>../taproot/src/tap/communication/sensors/sensor_interface.hpp</source>
    <destination>taproot/src/tap/communication/sensors/sensor_interface.hpp</destination>
    <time>0.077 ms</time>
  </operation>
  <operation>
    <module>taproot:communication:sensors:buzzer</module>
    <source>../taproot/src/tap/communication/sensors/buzzer/buzzer.cpp.in</source>
    <destination>taproot/src/tap/communication/sensors/buzzer/buzzer.cpp</destination>
    <time>0.636 ms</time>
  </operation>
  <operation>
    <module>taproot:communication:sensors:buzzer</module>
    <source>../taproot/src/tap/communication/sensors/buzzer/buzzer.hpp</source>
    <destination>taproot/src/tap/communication/sensors/buzzer/buzzer.hpp</destination>
    <time>0.094 ms</time>
  </operation>
  <operation>
    <module>taproot:communication:sensors:current</module>
    <source>../taproot/src/tap/communication/sensors/current/analog_current_sensor.cpp</source>
    <destination>taproot/src/tap/communication/sensors/current/analog_current_sensor.cpp</destination>
    <time>0.052 ms</time>
  </operation>
  <operation>
    <module>taproot:communication:sensors:current</module>
    <source>../taproot/src/tap/communication/sensors/current/analog_current_sensor.hpp</source>
    <destination>taproot/src/tap/communication/sensors/current/analog_current_sensor.hpp</destination>
    <time>0.057 ms</time>
  </operation>
  <operation>
    <module>taproot:communication:sensors:current</module>
    <source>../taproot/src/tap/communication/sensors/current/current_sensor_interface.hpp</source>
    <destination>taproot/src/tap/communication/sensors/current/current_sensor_interface.hpp</destination>
    <time>0.049 ms</time>
  </operation>
  <operation>
    <module>taproot:communication:sensors:distance</module>
    <source>../taproot/src/tap/communication/sensors/distance/analog_distance_sensor.cpp</source>
    <destination>taproot/src/tap/communication/sensors/distance/analog_distance_sensor.cpp</destination>
    <time>0.089 ms</time>
  </operation>
  <operation>
    <module>taproot:communication:sensors:distance</module>
    <source>../taproot/src/tap/communication/sensors/distance/analog_distance_sensor.hpp</source>
    <destination>taproot/src/tap/communication/sensors/distance/analog_distance_sensor.hpp</destination>
    <time>0.051 ms</time>
  </operation>
  <operation>
    <module>taproot:communication:sensors:distance</module>
    <source>../taproot/src/tap/communication/sensors/distance/distance_sensor.cpp</source>
    <destination>taproot/src/tap/communication/sensors/distance/distance_sensor.cpp</destination>
    <time>0.049 ms</time>
  </operation>
  <operation>
    <module>taproot:communication:sensors:distance</module>
    <source>../taproot/src/tap/communication/sensors/distance/distance_sensor.hpp</source>
    <destination>taproot/src/tap/communication/sensors/distance/distance_sensor.hpp</destination>
    <time>0.056 ms</time>
  </operation>
  <operation>
    <module>taproot:communication:sensors:distance</module>
    <source>../taproot/src/tap/communication/sensors/distance/sharp_ir_GP2Y0A41.cpp</source>
    <destination>taproot/src/tap/communication/sensors/distance/sharp_ir_GP2Y0A41.cpp</destination>
    <time>0.049 ms</time>
  </operation>
  <operation>
    <module>taproot:communication:sensors:distance</module>
    <source>../taproot/src/tap/communication/sensors/distance/sharp_ir_GP2Y0A41.hpp</source>
    <destination>taproot/src/tap/communication/sensors/distance/sharp_ir_GP2Y0A41.hpp</destination>
    <time>0.049 ms</time>
  </operation>
  <operation>
    <module>taproot:communication:sensors:imu</module>
    <source>../taproot/src/tap/communication/sensors/imu/imu_interface.hpp</source>
    <destination>taproot/src/tap/communication/sensors/imu/imu_interface.hpp</destination>
    <time>0.108 ms</time>
  </operation>
  <operation>
    <module>taproot:communication:sensors:imu</module>
    <source>../taproot/src/tap/communication/sensors/imu/imu_menu.cpp</source>
    <destination>taproot/src/tap/communication/sensors/imu/imu_menu.cpp</destination>
    <time>0.071 ms</time>
  </operation>
  <operation>
    <module>taproot:communication:sensors:imu</module>
    <source>../taproot/src/tap/communication/sensors/imu/imu_menu.hpp</source>
    <destination>taproot/src/tap/communication/sensors/imu/imu_menu.hpp</destination>
    <time>0.077 ms</time>
  </operation>
  <operation>
    <module>taproot:communication:sensors:imu</module>
    <source>../taproot/src/tap/communication/sensors/imu/imu_terminal_serial_handler.cpp</source>
    <destination>taproot/src/tap/communication/sensors/imu/imu_terminal_serial_handler.cpp</destination>
    <time>0.079 ms</time>
  </operation>
  <operation>
    <module>taproot:communication:sensors:imu</module>
    <source>../taproot/src/tap/communication/sensors/imu/imu_terminal_serial_handler.hpp</source>
    <destination>taproot/src/tap/communication/sensors/imu/imu_terminal_serial_handler.hpp</destination>
    <time>0.080 ms</time>
  </operation>
  <operation>
    <module>taproot:communication:sensors:imu:mpu6500</module>
    <source>../taproot/src/tap/communication/sensors/imu/mpu6500/mpu6500.cpp</source>
    <destination>taproot/src/tap/communication/sensors/imu/mpu6500/mpu6500.cpp</destination>
    <time>0.060 ms</time>
  </operation>
  <operation>
    <module>taproot:communication:sensors:imu:mpu6500</module>
    <source>../taproot/src/tap/communication/sensors/imu/mpu6500/mpu6500.hpp</source>
    <destination>taproot/src/tap/communication/sensors/imu/mpu6500/mpu6500.hpp</destination>
    <time>0.055 ms</time>
  </operation>
  <operation>
    <module>taproot:communication:sensors:imu:mpu6500</module>
    <source>../taproot/src/tap/communication/sensors/imu/mpu6500/mpu6500_config.hpp</source>
    <destination>taproot/src/tap/communication/sensors/imu/mpu6500/mpu6500_config.hpp</destination>
    <time>0.127 ms</time>
  </operation>
  <operation>
    <module>taproot:communication:sensors:imu:mpu6500</module>
    <source>../taproot/src/tap/communication/sensors/imu/mpu6500/mpu6500_reg.hpp</source>
    <destination>taproot/src/tap/communication/sensors/imu/mpu6500/mpu6500_reg.hpp</destination>
    <time>0.074 ms</time>
  </operation>
  <operation>
    <module>taproot:communication:sensors:imu_heater</module>
    <source>../taproot/src/tap/communication/sensors/imu_heater/imu_heater.cpp</source>
    <destination>taproot/src/tap/communication/sensors/imu_heater/imu_heater.cpp</destination>
    <time>0.071 ms</time>
  </operation>
  <operation>
    <module>taproot:communication:sensors:imu_heater</module>
    <source>../taproot/src/tap/communication/sensors/imu_heater/imu_heater.hpp</source>
    <destination>taproot/src/tap/communication/sensors/imu_heater/imu_heater.hpp</destination>
    <time>0.078 ms</time>
  </operation>
  <operation>
    <module>taproot:communication:sensors:imu_heater</module>
    <source>../taproot/src/tap/communication/sensors/imu_heater/imu_heater_constants.hpp.in</source>
    <destination>taproot/src/tap/communication/sensors/imu_heater/imu_heater_constants.hpp</destination>
    <time>0.597 ms</time>
  </operation>
  <operation>
    <module>taproot:communication:serial</module>
    <source>../taproot/src/tap/communication/serial/dji_serial.cpp.in</source>
    <destination>taproot/src/tap/communication/serial/dji_serial.cpp</destination>
    <time>1.397 ms</time>
  </operation>
  <operation>
    <module>taproot:communication:serial</module>
    <source>../taproot/src/tap/communication/serial/dji_serial.hpp</source>
    <destination>taproot/src/tap/communication/serial/dji_serial.hpp</destination>
    <time>0.104 ms</time>
  </operation>
  <operation>
    <module>taproot:communication:serial</module>
    <source>../taproot/src/tap/communication/serial/uart.cpp.in</source>
    <destination>taproot/src/tap/communication/serial/uart.cpp</destination>
    <time>2.946 ms</time>
  </operation>
  <operation>
    <module>taproot:communication:serial</module>
    <source>../taproot/src/tap/communication/serial/uart.hpp.in</source>
    <destination>taproot/src/tap/communication/serial/uart.hpp</destination>
    <time>3.950 ms</time>
  </operation>
  <operation>
    <module>taproot:communication:serial:ref_serial</module>
    <source>../taproot/src/tap/communication/referee/state_hud_indicator.hpp</source>
    <destination>taproot/src/tap/communication/referee/state_hud_indicator.hpp</destination>
    <time>0.085 ms</time>
  </operation>
  <operation>
    <module>taproot:communication:serial:ref_serial</module>
    <source>../taproot/src/tap/communication/serial/ref_serial.cpp</source>
    <destination>taproot/src/tap/communication/serial/ref_serial.cpp</destination>
    <time>0.108 ms</time>
  </operation>
  <operation>
    <module>taproot:communication:serial:ref_serial</module>
    <source>../taproot/src/tap/communication/serial/ref_serial.hpp</source>
    <destination>taproot/src/tap/communication/serial/ref_serial.hpp</destination>
    <time>0.083 ms</time>
  </operation>
  <operation>
    <module>taproot:communication:serial:ref_serial</module>
    <source>../taproot/src/tap/communication/serial/ref_serial_constants.hpp.in</source>
    <destination>taproot/src/tap/communication/serial/ref_serial_constants.hpp</destination>
    <time>0.531 ms</time>
  </operation>
  <operation>
    <module>taproot:communication:serial:ref_serial</module>
    <source>../taproot/src/tap/communication/serial/ref_serial_data.hpp</source>
    <destination>taproot/src/tap/communication/serial/ref_serial_data.hpp</destination>
    <time>0.084 ms</time>
  </operation>
  <operation>
    <module>taproot:communication:serial:ref_serial</module>
    <source>../taproot/src/tap/communication/serial/ref_serial_transmitter.cpp</source>
    <destination>taproot/src/tap/communication/serial/ref_serial_transmitter.cpp</destination>
    <time>0.078 ms</time>
  </operation>
  <operation>
    <module>taproot:communication:serial:ref_serial</module>
    <source>../taproot/src/tap/communication/serial/ref_serial_transmitter.hpp</source>
    <destination>taproot/src/tap/communication/serial/ref_serial_transmitter.hpp</destination>
    <time>0.124 ms</time>
  </operation>
  <operation>
    <module>taproot:communication:serial:remote</module>
    <source>../taproot/src/tap/communication/serial/remote.cpp</source>
    <destination>taproot/src/tap/communication/serial/remote.cpp</destination>
    <time>0.098 ms</time>
  </operation>
  <operation>
    <module>taproot:communication:serial:remote</module>
    <source>../taproot/src/tap/communication/serial/remote.hpp</source>
    <destination>taproot/src/tap/communication/serial/remote.hpp</destination>
    <time>0.075 ms</time>
  </operation>
  <operation>
    <module>taproot:communication:serial:remote</module>
    <source>../taproot/src/tap/communication/serial/remote_serial_constants.hpp.in</source>
    <destination>taproot/src/tap/communication/serial/remote_serial_constants.hpp</destination>
    <time>0.513 ms</time>
  </operation>
  <operation>
    <module>taproot:communication:serial:terminal_serial</module>
    <source>../taproot/src/tap/communication/serial/hosted_terminal_device.cpp</source>
    <destination>taproot/src/tap/communication/serial/hosted_terminal_device.cpp</destination>
    <time>0.072 ms</time>
  </operation>
  <operation>
    <module>taproot:communication:serial:terminal_serial</module>
    <source>../taproot/src/tap/communication/serial/hosted_terminal_device.hpp</source>
    <destination>taproot/src/tap/communication/serial/hosted_terminal_device.hpp</destination>
    <time>0.075 ms</time>
  </operation>
  <operation>
    <module>taproot:communication:serial:terminal_serial</module>
    <source>../taproot/src/tap/communication/serial/terminal_serial.cpp</source>
    <destination>taproot/src/tap/communication/serial/terminal_serial.cpp</destination>
    <time>0.072 ms</time>
  </operation>
  <operation>
    <module>taproot:communication:serial:terminal_serial</module>
    <source>../taproot/src/tap/communication/serial/terminal_serial.hpp</source>
    <destination>taproot/src/tap/communication/serial/terminal_serial.hpp</destination>
    <time>0.077 ms</time>
  </operation>
  <operation>
    <module>taproot:communication:serial:terminal_serial</module>
    <source>../taproot/src/tap/communication/serial/uart_terminal_device.cpp</source>
    <destination>taproot/src/tap/communication/serial/uart_terminal_device.cpp</destination>
    <time>0.076 ms</time>
  </operation>
  <operation>
    <module>taproot:communication:serial:terminal_serial</module>
    <source>../taproot/src/tap/communication/serial/uart_terminal_device.hpp</source>
    <destination>taproot/src/tap/communication/serial/uart_terminal_device.hpp</destination>
    <time>0.098 ms</time>
  </operation>
  <operation>
    <module>taproot:communication:serial:terminal_serial</module>
    <source>../taproot/src/tap/communication/serial/uart_terminal_device_constants.hpp.in</source>
    <destination>taproot/src/tap/communication/serial/uart_terminal_device_constants.hpp</destination>
    <time>0.520 ms</time>
  </operation>
  <operation>
    <module>taproot:communication:tcp-server</module>
    <source>../taproot/src/tap/communication/tcp-server/json_messages.cpp</source>
    <destination>taproot/src/tap/communication/tcp-server/json_messages.cpp</destination>
    <time>0.049 ms</time>
  </operation>
  <operation>
    <module>taproot:communication:tcp-server</module>
    <source>../taproot/src/tap/communication/tcp-server/json_messages.hpp</source>
    <destination>taproot/src/tap/communication/tcp-server/json_messages.hpp</destination>
    <time>0.050 ms</time>
  </operation>
  <operation>
    <module>taproot:communication:tcp-server</module>
    <source>../taproot/src/tap/communication/tcp-server/tcp_server.cpp</source>
    <destination>taproot/src/tap/communication/tcp-server/tcp_server.cpp</destination>
    <time>0.055 ms</time>
  </operation>
  <operation>
    <module>taproot:communication:tcp-server</module>
    <source>../taproot/src/tap/communication/tcp-server/tcp_server.hpp</source>
    <destination>taproot/src/tap/communication/tcp-server/tcp_server.hpp</destination>
    <time>0.061 ms</time>
  </operation>
  <operation>
    <module>taproot:core</module>
    <source>../taproot/src/drivers.hpp.in</source>
    <destination>taproot/src/tap/drivers.hpp</destination>
    <time>2.381 ms</time>
  </operation>
  <operation>
    <module>taproot:core</module>
    <source>../taproot/src/tap/algorithms/MahonyAHRS.cpp</source>
    <destination>taproot/src/tap/algorithms/MahonyAHRS.cpp</destination>
    <time>0.057 ms</time>
  </operation>
  <operation>
    <module>taproot:core</module>
    <source>../taproot/src/tap/algorithms/MahonyAHRS.h</source>
    <destination>taproot/src/tap/algorithms/MahonyAHRS.h</destination>
    <time>0.048 ms</time>
  </operation>
  <operation>
    <module>taproot:core</module>
    <source>../taproot/src/tap/algorithms/ballistics.cpp</source>
    <destination>taproot/src/tap/algorithms/ballistics.cpp</destination>
    <time>0.047 ms</time>
  </operation>
  <operation>
    <module>taproot:core</module>
    <source>../taproot/src/tap/algorithms/ballistics.hpp</source>
    <destination>taproot/src/tap/algorithms/ballistics.hpp</destination>
    <time>0.051 ms</time>
  </operation>
  <operation>
    <module>taproot:core</module>
    <source>../taproot/src/tap/algorithms/cmsis_mat.hpp</source>
    <destination>taproot/src/tap/algorithms/cmsis_mat.hpp</destination>
    <time>0.066 ms</time>
  </operation>
  <operation>
    <module>taproot:core</module>
    <source>../taproot/src/tap/algorithms/contiguous_float.cpp</source>
    <destination>taproot/src/tap/algorithms/contiguous_float.cpp</destination>
    <time>0.051 ms</time>
  </operation>
  <operation>
    <module>taproot:core</module>
    <source>../taproot/src/tap/algorithms/contiguous_float.hpp</source>
    <destination>taproot/src/tap/algorithms/contiguous_float.hpp</destination>
    <time>0.052 ms</time>
  </operation>
  <operation>
    <module>taproot:core</module>
    <source>../taproot/src/tap/algorithms/crc.cpp</source>
    <destination>taproot/src/tap/algorithms/crc.cpp</destination>
    <time>0.051 ms</time>
  </operation>
  <operation>
    <module>taproot:core</module>
    <source>../taproot/src/tap/algorithms/crc.hpp</source>
    <destination>taproot/src/tap/algorithms/crc.hpp</destination>
    <time>0.048 ms</time>
  </operation>
  <operation>
    <module>taproot:core</module>
    <source>../taproot/src/tap/algorithms/extended_kalman.cpp</source>
    <destination>taproot/src/tap/algorithms/extended_kalman.cpp</destination>
    <time>0.047 ms</time>
  </operation>
  <operation>
    <module>taproot:core</module>
    <source>../taproot/src/tap/algorithms/extended_kalman.hpp</source>
    <destination>taproot/src/tap/algorithms/extended_kalman.hpp</destination>
    <time>0.048 ms</time>
  </operation>
  <operation>
    <module>taproot:core</module>
    <source>../taproot/src/tap/algorithms/fuzzy_pd.cpp</source>
    <destination>taproot/src/tap/algorithms/fuzzy_pd.cpp</destination>
    <time>0.050 ms</time>
  </operation>
  <operation>
    <module>taproot:core</module>
    <source>../taproot/src/tap/algorithms/fuzzy_pd.hpp</source>
    <destination>taproot/src/tap/algorithms/fuzzy_pd.hpp</destination>
    <time>0.047 ms</time>
  </operation>
  <operation>
    <module>taproot:core</module>
    <source>../taproot/src/tap/algorithms/fuzzy_pd_rule_table.cpp</source>
    <destination>taproot/src/tap/algorithms/fuzzy_pd_rule_table.cpp</destination>
    <time>0.053 ms</time>
  </operation>
  <operation>
    <module>taproot:core</module>
    <source>../taproot/src/tap/algorithms/fuzzy_pd_rule_table.hpp</source>
    <destination>taproot/src/tap/algorithms/fuzzy_pd_rule_table.hpp</destination>
    <time>0.054 ms</time>
  </operation>
  <operation>
    <module>taproot:core</module>
    <source>../taproot/src/tap/algorithms/fuzzy_rule_table.hpp</source>
    <destination>taproot/src/tap/algorithms/fuzzy_rule_table.hpp</destination>
    <time>0.049 ms</time>
  </operation>
  <operation>
    <module>taproot:core</module>
    <source>../taproot/src/tap/algorithms/kalman_filter.hpp</source>
    <destination>taproot/src/tap/algorithms/kalman_filter.hpp</destination>
    <time>0.051 ms</time>
  </operation>
  <operation>
    <module>taproot:core</module>
    <source>../taproot/src/tap/algorithms/linear_interpolation_predictor.cpp</source>
    <destination>taproot/src/tap/algorithms/linear_interpolation_predictor.cpp</destination>
    <time>0.048 ms</time>
  </operation>
  <operation>
    <module>taproot:core</module>
    <source>../taproot/src/tap/algorithms/linear_interpolation_predictor.hpp</source>
    <destination>taproot/src/tap/algorithms/linear_interpolation_predictor.hpp</destination>
    <time>0.051 ms</time>
  </operation>
  <operation>
    <module>taproot:core</module>
    <source>../taproot/src/tap/algorithms/linear_interpolation_predictor_contiguous.cpp</source>
    <destination>taproot/src/tap/algorithms/linear_interpolation_predictor_contiguous.cpp</destination>
    <time>0.048 ms</time>
  </operation>
  <operation>
    <module>taproot:core</module>
    <source>../taproot/src/tap/algorithms/linear_interpolation_predictor_contiguous.hpp</source>
    <destination>taproot/src/tap/algorithms/linear_interpolation_predictor_contiguous.hpp</destination>
    <time>0.053 ms</time>
  </operation>
  <operation>
    <module>taproot:core</module>
    <source>../taproot/src/tap/algorithms/math_user_utils.cpp</source>
    <destination>taproot/src/tap/algorithms/math_user_utils.cpp</destination>
    <time>0.048 ms</time>
  </operation>
  <operation>
    <module>taproot:core</module>
    <source>../taproot/src/tap/algorithms/math_user_utils.hpp</source>
    <destination>taproot/src/tap/algorithms/math_user_utils.hpp</destination>
    <time>0.051 ms</time>
  </operation>
  <operation>
    <module>taproot:core</module>
    <source>../taproot/src/tap/algorithms/odometry/chassis_displacement_observer_interface.hpp</source>
    <destination>taproot/src/tap/algorithms/odometry/chassis_displacement_observer_interface.hpp</destination>
    <time>0.054 ms</time>
  </operation>
  <operation>
    <module>taproot:core</module>
    <source>../taproot/src/tap/algorithms/odometry/chassis_world_yaw_observer_interface.hpp</source>
    <destination>taproot/src/tap/algorithms/odometry/chassis_world_yaw_observer_interface.hpp</destination>
    <time>0.048 ms</time>
  </operation>
  <operation>
    <module>taproot:core</module>
    <source>../taproot/src/tap/algorithms/odometry/odometry_2d_interface.hpp</source>
    <destination>taproot/src/tap/algorithms/odometry/odometry_2d_interface.hpp</destination>
    <time>0.049 ms</time>
  </operation>
  <operation>
    <module>taproot:core</module>
    <source>../taproot/src/tap/algorithms/odometry/odometry_2d_tracker.cpp</source>
    <destination>taproot/src/tap/algorithms/odometry/odometry_2d_tracker.cpp</destination>
    <time>0.047 ms</time>
  </operation>
  <operation>
    <module>taproot:core</module>
    <source>../taproot/src/tap/algorithms/odometry/odometry_2d_tracker.hpp</source>
    <destination>taproot/src/tap/algorithms/odometry/odometry_2d_tracker.hpp</destination>
    <time>0.048 ms</time>
  </operation>
  <operation>
    <module>taproot:core</module>
    <source>../taproot/src/tap/algorithms/ramp.cpp</source>
    <destination>taproot/src/tap/algorithms/ramp.cpp</destination>
    <time>0.048 ms</time>
  </operation>
  <operation>
    <module>taproot:core</module>
    <source>../taproot/src/tap/algorithms/ramp.hpp</source>
    <destination>taproot/src/tap/algorithms/ramp.hpp</destination>
    <time>0.049 ms</time>
  </operation>
  <operation>
    <module>taproot:core</module>
    <source>../taproot/src/tap/algorithms/smooth_pid.cpp</source>
    <destination>taproot/src/tap/algorithms/smooth_pid.cpp</destination>
    <time>0.048 ms</time>
  </operation>
  <operation>
    <module>taproot:core</module>
    <source>../taproot/src/tap/algorithms/smooth_pid.hpp</source>
    <destination>taproot/src/tap/algorithms/smooth_pid.hpp</destination>
    <time>0.054 ms</time>
  </operation>
  <operation>
    <module>taproot:core</module>
    <source>../taproot/src/tap/algorithms/strtok.cpp</source>
    <destination>taproot/src/tap/algorithms/strtok.cpp</destination>
    <time>0.048 ms</time>
  </operation>
  <operation>
    <module>taproot:core</module>
    <source>../taproot/src/tap/algorithms/strtok.hpp</source>
    <destination>taproot/src/tap/algorithms/strtok.hpp</destination>
    <time>0.047 ms</time>
  </operation>
  <operation>
    <module>taproot:core</module>
    <source>../taproot/src/tap/architecture/clock.cpp</source>
    <destination>taproot/src/tap/architecture/clock.cpp</destination>
    <time>0.048 ms</time>
  </operation>
  <operation>
    <module>taproot:core</module>
    <source>../taproot/src/tap/architecture/clock.hpp</source>
    <destination>taproot/src/tap/architecture/clock.hpp</destination>
    <time>0.048 ms</time>
  </operation>
  <operation>
    <module>taproot:core</module>
    <source>../taproot/src/tap/architecture/conditional_timer.hpp</source>
    <destination>taproot/src/tap/architecture/conditional_timer.hpp</destination>
    <time>0.048 ms</time>
  </operation>
  <operation>
    <module>taproot:core</module>
    <source>../taproot/src/tap/architecture/endianness_wrappers.hpp</source>
    <destination>taproot/src/tap/architecture/endianness_wrappers.hpp</destination>
    <time>0.051 ms</time>
  </operation>
  <operation>
    <module>taproot:core</module>
    <source>../taproot/src/tap/architecture/periodic_timer.hpp</source>
    <destination>taproot/src/tap/architecture/periodic_timer.hpp</destination>
    <time>0.048 ms</time>
  </operation>
  <operation>
    <module>taproot:core</module>
    <source>../taproot/src/tap/architecture/profiler.cpp</source>
    <destination>taproot/src/tap/architecture/profiler.cpp</destination>
    <time>0.057 ms</time>
  </operation>
  <operation>
    <module>taproot:core</module>
    <source>../taproot/src/tap/architecture/profiler.hpp</source>
    <destination>taproot/src/tap/architecture/profiler.hpp</destination>
    <time>0.051 ms</time>
  </operation>
  <operation>
    <module>taproot:core</module>
    <source>../taproot/src/tap/architecture/timeout.hpp</source>
    <destination>taproot/src/tap/architecture/timeout.hpp</destination>
    <time>0.049 ms</time>
  </operation>
  <operation>
    <module>taproot:core</module>
    <source>../taproot/src/tap/control/chassis/chassis_subsystem_interface.hpp</source>
    <destination>taproot/src/tap/control/chassis/chassis_subsystem_interface.hpp</destination>
    <time>0.048 ms</time>
  </operation>
  <operation>
    <module>taproot:core</module>
    <source>../taproot/src/tap/control/chassis/power_limiter.cpp</source>
    <destination>taproot/src/tap/control/chassis/power_limiter.cpp</destination>
    <time>0.052 ms</time>
  </operation>
  <operation>
    <module>taproot:core</module>
    <source>../taproot/src/tap/control/chassis/power_limiter.hpp</source>
    <destination>taproot/src/tap/control/chassis/power_limiter.hpp</destination>
    <time>0.051 ms</time>
  </operation>
  <operation>
    <module>taproot:core</module>
    <source>../taproot/src/tap/control/command.cpp</source>
    <destination>taproot/src/tap/control/command.cpp</destination>
    <time>0.048 ms</time>
  </operation>
  <operation>
    <module>taproot:core</module>
    <source>../taproot/src/tap/control/command.hpp</source>
    <destination>taproot/src/tap/control/command.hpp</destination>
    <time>0.051 ms</time>
  </operation>
  <operation>
    <module>taproot:core</module>
    <source>../taproot/src/tap/control/command_mapper.cpp</source>
    <destination>taproot/src/tap/control/command_mapper.cpp</destination>
    <time>0.048 ms</time>
  </operation>
  <operation>
    <module>taproot:core</module>
    <source>../taproot/src/tap/control/command_mapper.hpp</source>
    <destination>taproot/src/tap/control/command_mapper.hpp</destination>
    <time>0.051 ms</time>
  </operation>
  <operation>
    <module>taproot:core</module>
    <source>../taproot/src/tap/control/command_mapper_format_generator.cpp</source>
    <destination>taproot/src/tap/control/command_mapper_format_generator.cpp</destination>
    <time>0.052 ms</time>
  </operation>
  <operation>
    <module>taproot:core</module>
    <source>../taproot/src/tap/control/command_mapper_format_generator.hpp</source>
    <destination>taproot/src/tap/control/command_mapper_format_generator.hpp</destination>
    <time>0.050 ms</time>
  </operation>
  <operation>
    <module>taproot:core</module>
    <source>../taproot/src/tap/control/command_mapping.cpp</source>
    <destination>taproot/src/tap/control/command_mapping.cpp</destination>
    <time>0.054 ms</time>
  </operation>
  <operation>
    <module>taproot:core</module>
    <source>../taproot/src/tap/control/command_mapping.hpp</source>
    <destination>taproot/src/tap/control/command_mapping.hpp</destination>
    <time>0.050 ms</time>
  </operation>
  <operation>
    <module>taproot:core</module>
    <source>../taproot/src/tap/control/command_scheduler.cpp</source>
    <destination>taproot/src/tap/control/command_scheduler.cpp</destination>
    <time>0.057 ms</time>
  </operation>
  <operation>
    <module>taproot:core</module>
    <source>../taproot/src/tap/control/command_scheduler.hpp</source>
    <destination>taproot/src/tap/control/command_scheduler.hpp</destination>
    <time>0.055 ms</time>
  </operation>
  <operation>
    <module>taproot:core</module>
    <source>../taproot/src/tap/control/command_scheduler_types.hpp</source>
    <destination>taproot/src/tap/control/command_scheduler_types.hpp</destination>
    <time>0.048 ms</time>
  </operation>
  <operation>
    <module>taproot:core</module>
    <source>../taproot/src/tap/control/comprised_command.hpp</source>
    <destination>taproot/src/tap/control/comprised_command.hpp</destination>
    <time>0.048 ms</time>
  </operation>
  <operation>
    <module>taproot:core</module>
    <source>../taproot/src/tap/control/governor/command_governor_interface.hpp</source>
    <destination>taproot/src/tap/control/governor/command_governor_interface.hpp</destination>
    <time>0.048 ms</time>
  </operation>
  <operation>
    <module>taproot:core</module>
    <source>../taproot/src/tap/control/governor/governor_limited_command.hpp</source>
    <destination>taproot/src/tap/control/governor/governor_limited_command.hpp</destination>
    <time>0.052 ms</time>
  </operation>
  <operation>
    <module>taproot:core</module>
    <source>../taproot/src/tap/control/governor/governor_with_fallback_command.hpp</source>
    <destination>taproot/src/tap/control/governor/governor_with_fallback_command.hpp</destination>
    <time>0.049 ms</time>
  </operation>
  <operation>
    <module>taproot:core</module>
    <source>../taproot/src/tap/control/hold_command_mapping.cpp</source>
    <destination>taproot/src/tap/control/hold_command_mapping.cpp</destination>
    <time>0.048 ms</time>
  </operation>
  <operation>
    <module>taproot:core</module>
    <source>../taproot/src/tap/control/hold_command_mapping.hpp</source>
    <destination>taproot/src/tap/control/hold_command_mapping.hpp</destination>
    <time>0.047 ms</time>
  </operation>
  <operation>
    <module>taproot:core</module>
    <source>../taproot/src/tap/control/hold_repeat_command_mapping.cpp</source>
    <destination>taproot/src/tap/control/hold_repeat_command_mapping.cpp</destination>
    <time>0.048 ms</time>
  </operation>
  <operation>
    <module>taproot:core</module>
    <source>../taproot/src/tap/control/hold_repeat_command_mapping.hpp</source>
    <destination>taproot/src/tap/control/hold_repeat_command_mapping.hpp</destination>
    <time>0.049 ms</time>
  </operation>
  <operation>
    <module>taproot:core</module>
    <source>../taproot/src/tap/control/press_command_mapping.cpp</source>
    <destination>taproot/src/tap/control/press_command_mapping.cpp</destination>
    <time>0.050 ms</time>
  </operation>
  <operation>
    <module>taproot:core</module>
    <source>../taproot/src/tap/control/press_command_mapping.hpp</source>
    <destination>taproot/src/tap/control/press_command_mapping.hpp</destination>
    <time>0.053 ms</time>
  </operation>
  <operation>
    <module>taproot:core</module>
    <source>../taproot/src/tap/control/remote_map_state.cpp</source>
    <destination>taproot/src/tap/control/remote_map_state.cpp</destination>
    <time>0.050 ms</time>
  </operation>
  <operation>
    <module>taproot:core</module>
    <source>../taproot/src/tap/control/remote_map_state.hpp</source>
    <destination>taproot/src/tap/control/remote_map_state.hpp</destination>
    <time>0.055 ms</time>
  </operation>
  <operation>
    <module>taproot:core</module>
    <source>../taproot/src/tap/control/scheduler_terminal_handler.cpp</source>
    <destination>taproot/src/tap/control/scheduler_terminal_handler.cpp</destination>
    <time>0.047 ms</time>
  </operation>
  <operation>
    <module>taproot:core</module>
    <source>../taproot/src/tap/control/scheduler_terminal_handler.hpp</source>
    <destination>taproot/src/tap/control/scheduler_terminal_handler.hpp</destination>
    <time>0.049 ms</time>
  </operation>
  <operation>
    <module>taproot:core</module>
    <source>../taproot/src/tap/control/setpoint/algorithms/setpoint_continuous_jam_checker.hpp</source>
    <destination>taproot/src/tap/control/setpoint/algorithms/setpoint_continuous_jam_checker.hpp</destination>
    <time>0.054 ms</time>
  </operation>
  <operation>
    <module>taproot:core</module>
    <source>../taproot/src/tap/control/setpoint/commands/calibrate_command.cpp</source>
    <destination>taproot/src/tap/control/setpoint/commands/calibrate_command.cpp</destination>
    <time>0.050 ms</time>
  </operation>
  <operation>
    <module>taproot:core</module>
    <source>../taproot/src/tap/control/setpoint/commands/calibrate_command.hpp</source>
    <destination>taproot/src/tap/control/setpoint/commands/calibrate_command.hpp</destination>
    <time>0.052 ms</time>
  </operation>
  <operation>
    <module>taproot:core</module>
    <source>../taproot/src/tap/control/setpoint/commands/move_absolute_command.cpp</source>
    <destination>taproot/src/tap/control/setpoint/commands/move_absolute_command.cpp</destination>
    <time>0.053 ms</time>
  </operation>
  <operation>
    <module>taproot:core</module>
    <source>../taproot/src/tap/control/setpoint/commands/move_absolute_command.hpp</source>
    <destination>taproot/src/tap/control/setpoint/commands/move_absolute_command.hpp</destination>
    <time>0.049 ms</time>
  </operation>
  <operation>
    <module>taproot:core</module>
    <source>../taproot/src/tap/control/setpoint/commands/move_command.cpp</source>
    <destination>taproot/src/tap/control/setpoint/commands/move_command.cpp</destination>
    <time>0.049 ms</time>
  </operation>
  <operation>
    <module>taproot:core</module>
    <source>../taproot/src/tap/control/setpoint/commands/move_command.hpp</source>
    <destination>taproot/src/tap/control/setpoint/commands/move_command.hpp</destination>
    <time>0.049 ms</time>
  </operation>
  <operation>
    <module>taproot:core</module>
    <source>../taproot/src/tap/control/setpoint/commands/move_integral_command.cpp</source>
    <destination>taproot/src/tap/control/setpoint/commands/move_integral_command.cpp</destination>
    <time>0.049 ms</time>
  </operation>
  <operation>
    <module>taproot:core</module>
    <source>../taproot/src/tap/control/setpoint/commands/move_integral_command.hpp</source>
    <destination>taproot/src/tap/control/setpoint/commands/move_integral_command.hpp</destination>
    <time>0.056 ms</time>
  </operation>
  <operation>
    <module>taproot:core</module>
    <source>../taproot/src/tap/control/setpoint/commands/move_unjam_comprised_command.cpp</source>
    <destination>taproot/src/tap/control/setpoint/commands/move_unjam_comprised_command.cpp</destination>
    <time>0.051 ms</time>
  </operation>
  <operation>
    <module>taproot:core</module>
    <source>../taproot/src/tap/control/setpoint/commands/move_unjam_comprised_command.hpp</source>
    <destination>taproot/src/tap/control/setpoint/commands/move_unjam_comprised_command.hpp</destination>
    <time>0.053 ms</time>
  </operation>
  <operation>
    <module>taproot:core</module>
    <source>../taproot/src/tap/control/setpoint/commands/move_unjam_integral_comprised_command.cpp</source>
    <destination>taproot/src/tap/control/setpoint/commands/move_unjam_integral_comprised_command.cpp</destination>
    <time>0.049 ms</time>
  </operation>
  <operation>
    <module>taproot:core</module>
    <source>../taproot/src/tap/control/setpoint/commands/move_unjam_integral_comprised_command.hpp</source>
    <destination>taproot/src/tap/control/setpoint/commands/move_unjam_integral_comprised_command.hpp</destination>
    <time>0.047 ms</time>
  </operation>
  <operation>
    <module>taproot:core</module>
    <source>../taproot/src/tap/control/setpoint/commands/unjam_command.cpp</source>
    <destination>taproot/src/tap/control/setpoint/commands/unjam_command.cpp</destination>
    <time>0.051 ms</time>
  </operation>
  <operation>
    <module>taproot:core</module>
    <source>../taproot/src/tap/control/setpoint/commands/unjam_command.hpp</source>
    <destination>taproot/src/tap/control/setpoint/commands/unjam_command.hpp</destination>
    <time>0.050 ms</time>
  </operation>
  <operation>
    <module>taproot:core</module>
    <source>../taproot/src/tap/control/setpoint/commands/unjam_integral_command.cpp</source>
    <destination>taproot/src/tap/control/setpoint/commands/unjam_integral_command.cpp</destination>
    <time>0.051 ms</time>
  </operation>
  <operation>
    <module>taproot:core</module>
    <source>../taproot/src/tap/control/setpoint/commands/unjam_integral_command.hpp</source>
    <destination>taproot/src/tap/control/setpoint/commands/unjam_integral_command.hpp</destination>
    <time>0.052 ms</time>
  </operation>
  <operation>
    <module>taproot:core</module>
    <source>../taproot/src/tap/control/setpoint/interfaces/integrable_setpoint_subsystem.hpp</source>
    <destination>taproot/src/tap/control/setpoint/interfaces/integrable_setpoint_subsystem.hpp</destination>
    <time>0.052 ms</time>
  </operation>
  <operation>
    <module>taproot:core</module>
    <source>../taproot/src/tap/control/setpoint/interfaces/setpoint_subsystem.hpp</source>
    <destination>taproot/src/tap/control/setpoint/interfaces/setpoint_subsystem.hpp</destination>
    <time>0.055 ms</time>
  </operation>
  <operation>
    <module>taproot:core</module>
    <source>../taproot/src/tap/control/subsystem.cpp</source>
    <destination>taproot/src/tap/control/subsystem.cpp</destination>
    <time>0.048 ms</time>
  </operation>
  <operation>
    <module>taproot:core</module>
    <source>../taproot/src/tap/control/subsystem.hpp</source>
    <destination>taproot/src/tap/control/subsystem.hpp</destination>
    <time>0.052 ms</time>
  </operation>
  <operation>
    <module>taproot:core</module>
    <source>../taproot/src/tap/control/toggle_command_mapping.cpp</source>
    <destination>taproot/src/tap/control/toggle_command_mapping.cpp</destination>
    <time>0.049 ms</time>
  </operation>
  <operation>
    <module>taproot:core</module>
    <source>../taproot/src/tap/control/toggle_command_mapping.hpp</source>
    <destination>taproot/src/tap/control/toggle_command_mapping.hpp</destination>
    <time>0.049 ms</time>
  </operation>
  <operation>
    <module>taproot:core</module>
    <source>../taproot/src/tap/control/turret_subsystem_interface.hpp</source>
    <destination>taproot/src/tap/control/turret_subsystem_interface.hpp</destination>
    <time>0.049 ms</time>
  </operation>
  <operation>
    <module>taproot:core</module>
    <source>../taproot/src/tap/motor/dji_motor.cpp</source>
    <destination>taproot/src/tap/motor/dji_motor.cpp</destination>
    <time>0.051 ms</time>
  </operation>
  <operation>
    <module>taproot:core</module>
    <source>../taproot/src/tap/motor/dji_motor.hpp</source>
    <destination>taproot/src/tap/motor/dji_motor.hpp</destination>
    <time>0.052 ms</time>
  </operation>
  <operation>
    <module>taproot:core</module>
    <source>../taproot/src/tap/motor/dji_motor_terminal_serial_handler.cpp</source>
    <destination>taproot/src/tap/motor/dji_motor_terminal_serial_handler.cpp</destination>
    <time>0.052 ms</time>
  </operation>
  <operation>
    <module>taproot:core</module>
    <source>../taproot/src/tap/motor/dji_motor_terminal_serial_handler.hpp</source>
    <destination>taproot/src/tap/motor/dji_motor_terminal_serial_handler.hpp</destination>
    <time>0.048 ms</time>
  </operation>
  <operation>
    <module>taproot:core</module>
    <source>../taproot/src/tap/motor/dji_motor_tx_handler.cpp</source>
    <destination>taproot/src/tap/motor/dji_motor_tx_handler.cpp</destination>
    <time>0.052 ms</time>
  </operation>
  <operation>
    <module>taproot:core</module>
    <source>../taproot/src/tap/motor/dji_motor_tx_handler.hpp</source>
    <destination>taproot/src/tap/motor/dji_motor_tx_handler.hpp</destination>
    <time>0.050 ms</time>
  </operation>
  <operation>
    <module>taproot:core</module>
    <source>../taproot/src/tap/motor/double_dji_motor.cpp</source>
    <destination>taproot/src/tap/motor/double_dji_motor.cpp</destination>
    <time>0.048 ms</time>
  </operation>
  <operation>
    <module>taproot:core</module>
    <source>../taproot/src/tap/motor/double_dji_motor.hpp</source>
    <destination>taproot/src/tap/motor/double_dji_motor.hpp</destination>
    <time>0.051 ms</time>
  </operation>
  <operation>
    <module>taproot:core</module>
    <source>../taproot/src/tap/motor/m3508_constants.hpp</source>
    <destination>taproot/src/tap/motor/m3508_constants.hpp</destination>
    <time>0.047 ms</time>
  </operation>
  <operation>
    <module>taproot:core</module>
    <source>../taproot/src/tap/motor/motor_constants.hpp</source>
    <destination>taproot/src/tap/motor/motor_constants.hpp</destination>
    <time>0.047 ms</time>
  </operation>
  <operation>
    <module>taproot:core</module>
    <source>../taproot/src/tap/motor/motor_interface.hpp</source>
    <destination>taproot/src/tap/motor/motor_interface.hpp</destination>
    <time>0.047 ms</time>
  </operation>
  <operation>
    <module>taproot:core</module>
    <source>../taproot/src/tap/motor/motorsim/can_serializer.cpp</source>
    <destination>taproot/src/tap/motor/motorsim/can_serializer.cpp</destination>
    <time>0.047 ms</time>
  </operation>
  <operation>
    <module>taproot:core</module>
    <source>../taproot/src/tap/motor/motorsim/can_serializer.hpp</source>
    <destination>taproot/src/tap/motor/motorsim/can_serializer.hpp</destination>
    <time>0.046 ms</time>
  </operation>
  <operation>
    <module>taproot:core</module>
    <source>../taproot/src/tap/motor/motorsim/dji_motor_sim_handler.cpp</source>
    <destination>taproot/src/tap/motor/motorsim/dji_motor_sim_handler.cpp</destination>
    <time>0.050 ms</time>
  </operation>
  <operation>
    <module>taproot:core</module>
    <source>../taproot/src/tap/motor/motorsim/dji_motor_sim_handler.hpp</source>
    <destination>taproot/src/tap/motor/motorsim/dji_motor_sim_handler.hpp</destination>
    <time>0.048 ms</time>
  </operation>
  <operation>
    <module>taproot:core</module>
    <source>../taproot/src/tap/motor/motorsim/motor_sim.cpp</source>
    <destination>taproot/src/tap/motor/motorsim/motor_sim.cpp</destination>
    <time>0.059 ms</time>
  </operation>
  <operation>
    <module>taproot:core</module>
    <source>../taproot/src/tap/motor/motorsim/motor_sim.hpp</source>
    <destination>taproot/src/tap/motor/motorsim/motor_sim.hpp</destination>
    <time>0.049 ms</time>
  </operation>
  <operation>
    <module>taproot:core</module>
    <source>../taproot/src/tap/motor/servo.cpp</source>
    <destination>taproot/src/tap/motor/servo.cpp</destination>
    <time>0.047 ms</time>
  </operation>
  <operation>
    <module>taproot:core</module>
    <source>../taproot/src/tap/motor/servo.hpp</source>
    <destination>taproot/src/tap/motor/servo.hpp</destination>
    <time>0.048 ms</time>
  </operation>
  <operation>
    <module>taproot:core</module>
    <source>../taproot/src/tap/util_macros.hpp</source>
    <destination>taproot/src/tap/util_macros.hpp</destination>
    <time>0.099 ms</time>
  </operation>
  <operation>
    <module>taproot:display</module>
    <source>../taproot/src/tap/display/command_scheduler_menu.cpp</source>
    <destination>taproot/src/tap/display/command_scheduler_menu.cpp</destination>
    <time>0.052 ms</time>
  </operation>
  <operation>
    <module>taproot:display</module>
    <source>../taproot/src/tap/display/command_scheduler_menu.hpp</source>
    <destination>taproot/src/tap/display/command_scheduler_menu.hpp</destination>
    <time>0.051 ms</time>
  </operation>
  <operation>
    <module>taproot:display</module>
    <source>../taproot/src/tap/display/dummy_allocator.hpp</source>
    <destination>taproot/src/tap/display/dummy_allocator.hpp</destination>
    <time>0.047 ms</time>
  </operation>
  <operation>
    <module>taproot:display</module>
    <source>../taproot/src/tap/display/hardware_test_menu.cpp</source>
    <destination>taproot/src/tap/display/hardware_test_menu.cpp</destination>
    <time>0.051 ms</time>
  </operation>
  <operation>
    <module>taproot:display</module>
    <source>../taproot/src/tap/display/hardware_test_menu.hpp</source>
    <destination>taproot/src/tap/display/hardware_test_menu.hpp</destination>
    <time>0.046 ms</time>
  </operation>
  <operation>
    <module>taproot:display</module>
    <source>../taproot/src/tap/display/motor_menu.cpp</source>
    <destination>taproot/src/tap/display/motor_menu.cpp</destination>
    <time>0.057 ms</time>
  </operation>
  <operation>
    <module>taproot:display</module>
    <source>../taproot/src/tap/display/motor_menu.hpp</source>
    <destination>taproot/src/tap/display/motor_menu.hpp</destination>
    <time>0.064 ms</time>
  </operation>
  <operation>
    <module>taproot:display</module>
    <source>../taproot/src/tap/display/motor_specific_menu.cpp</source>
    <destination>taproot/src/tap/display/motor_specific_menu.cpp</destination>
    <time>0.048 ms</time>
  </operation>
  <operation>
    <module>taproot:display</module>
    <source>../taproot/src/tap/display/motor_specific_menu.hpp</source>
    <destination>taproot/src/tap/display/motor_specific_menu.hpp</destination>
    <time>0.049 ms</time>
  </operation>
  <operation>
    <module>taproot:display</module>
    <source>../taproot/src/tap/display/oled_button_handler.cpp</source>
    <destination>taproot/src/tap/display/oled_button_handler.cpp</destination>
    <time>0.049 ms</time>
  </operation>
  <operation>
    <module>taproot:display</module>
    <source>../taproot/src/tap/display/oled_button_handler.hpp</source>
    <destination>taproot/src/tap/display/oled_button_handler.hpp</destination>
    <time>0.050 ms</time>
  </operation>
  <operation>
    <module>taproot:display</module>
    <source>../taproot/src/tap/display/ref_serial_menu.cpp</source>
    <destination>taproot/src/tap/display/ref_serial_menu.cpp</destination>
    <time>0.051 ms</time>
  </operation>
  <operation>
    <module>taproot:display</module>
    <source>../taproot/src/tap/display/ref_serial_menu.hpp</source>
    <destination>taproot/src/tap/display/ref_serial_menu.hpp</destination>
    <time>0.047 ms</time>
  </operation>
  <operation>
    <module>taproot:display</module>
    <source>../taproot/src/tap/display/sh1106.hpp</source>
    <destination>taproot/src/tap/display/sh1106.hpp</destination>
    <time>0.052 ms</time>
  </operation>
  <operation>
    <module>taproot:display</module>
    <source>../taproot/src/tap/display/sh1106_defines.hpp</source>
    <destination>taproot/src/tap/display/sh1106_defines.hpp</destination>
    <time>0.048 ms</time>
  </operation>
  <operation>
    <module>taproot:display</module>
    <source>../taproot/src/tap/display/sh1106_impl.hpp</source>
    <destination>taproot/src/tap/display/sh1106_impl.hpp</destination>
    <time>0.049 ms</time>
  </operation>
  <operation>
    <module>taproot:display</module>
    <source>../taproot/src/tap/display/sh1106_mock_impl.hpp</source>
    <destination>taproot/src/tap/display/sh1106_mock_impl.hpp</destination>
    <time>0.049 ms</time>
  </operation>
  <operation>
    <module>taproot:display</module>
    <source>../taproot/src/tap/display/vertical_scroll_logic_handler.cpp</source>
    <destination>taproot/src/tap/display/vertical_scroll_logic_handler.cpp</destination>
    <time>0.050 ms</time>
  </operation>
  <operation>
    <module>taproot:display</module>
    <source>../taproot/src/tap/display/vertical_scroll_logic_handler.hpp</source>
    <destination>taproot/src/tap/display/vertical_scroll_logic_handler.hpp</destination>
    <time>0.050 ms</time>
  </operation>
  <operation>
    <module>taproot:errors</module>
    <source>../taproot/src/tap/errors/create_errors.hpp</source>
    <destination>taproot/src/tap/errors/create_errors.hpp</destination>
    <time>0.050 ms</time>
  </operation>
  <operation>
    <module>taproot:errors</module>
    <source>../taproot/src/tap/errors/error_controller.cpp</source>
    <destination>taproot/src/tap/errors/error_controller.cpp</destination>
    <time>0.062 ms</time>
  </operation>
  <operation>
    <module>taproot:errors</module>
    <source>../taproot/src/tap/errors/error_controller.hpp</source>
    <destination>taproot/src/tap/errors/error_controller.hpp</destination>
    <time>0.048 ms</time>
  </operation>
  <operation>
    <module>taproot:errors</module>
    <source>../taproot/src/tap/errors/system_error.hpp</source>
    <destination>taproot/src/tap/errors/system_error.hpp</destination>
    <time>0.074 ms</time>
  </operation>
  <operation>
    <module>taproot:ext</module>
    <source>../taproot/ext/SConscript</source>
    <destination>taproot/ext/SConscript</destination>
    <time>0.076 ms</time>
  </operation>
  <operation>
    <module>taproot:modm-project.xml</module>
    <source>../taproot/modm-project-files/project.xml.in</source>
    <destination>taproot/project.xml</destination>
    <time>1.458 ms</time>
  </operation>
  <operation>
    <module>taproot:modm-project.xml</module>
    <source>../taproot/modm-project-files/sim-modm/project.xml.in</source>
    <destination>taproot/sim-modm/hosted-darwin/project.xml</destination>
    <time>0.101 ms</time>
  </operation>
  <operation>
    <module>taproot:modm-project.xml</module>
    <source>../taproot/modm-project-files/sim-modm/project.xml.in</source>
    <destination>taproot/sim-modm/hosted-linux/project.xml</destination>
    <time>0.531 ms</time>
  </operation>
  <operation>
    <module>taproot:modm-project.xml</module>
    <source>../taproot/modm-project-files/sim-modm/project.xml.in</source>
    <destination>taproot/sim-modm/hosted-windows/project.xml</destination>
    <time>0.075 ms</time>
  </operation>
  <operation>
    <module>taproot:testing:mock</module>
    <source>../taproot/test/tap/mock/analog_mock.cpp</source>
    <destination>taproot/test/tap/mock/analog_mock.cpp</destination>
    <time>0.069 ms</time>
  </operation>
  <operation>
    <module>taproot:testing:mock</module>
    <source>../taproot/test/tap/mock/analog_mock.hpp</source>
    <destination>taproot/test/tap/mock/analog_mock.hpp</destination>
    <time>0.071 ms</time>
  </operation>
  <operation>
    <module>taproot:testing:mock</module>
    <source>../taproot/test/tap/mock/can_mock.cpp</source>
    <destination>taproot/test/tap/mock/can_mock.cpp</destination>
    <time>0.068 ms</time>
  </operation>
  <operation>
    <module>taproot:testing:mock</module>
    <source>../taproot/test/tap/mock/can_mock.hpp</source>
    <destination>taproot/test/tap/mock/can_mock.hpp</destination>
    <time>0.068 ms</time>
  </operation>
  <operation>
    <module>taproot:testing:mock</module>
    <source>../taproot/test/tap/mock/can_rx_handler_mock.cpp</source>
    <destination>taproot/test/tap/mock/can_rx_handler_mock.cpp</destination>
    <time>0.068 ms</time>
  </operation>
  <operation>
    <module>taproot:testing:mock</module>
    <source>../taproot/test/tap/mock/can_rx_handler_mock.hpp</source>
    <destination>taproot/test/tap/mock/can_rx_handler_mock.hpp</destination>
    <time>0.070 ms</time>
  </operation>
  <operation>
    <module>taproot:testing:mock</module>
    <source>../taproot/test/tap/mock/can_rx_listener_mock.cpp</source>
    <destination>taproot/test/tap/mock/can_rx_listener_mock.cpp</destination>
    <time>0.067 ms</time>
  </operation>
  <operation>
    <module>taproot:testing:mock</module>
    <source>../taproot/test/tap/mock/can_rx_listener_mock.hpp</source>
    <destination>taproot/test/tap/mock/can_rx_listener_mock.hpp</destination>
    <time>0.069 ms</time>
  </operation>
  <operation>
    <module>taproot:testing:mock</module>
    <source>../taproot/test/tap/mock/command_governor_interface_mock.cpp</source>
    <destination>taproot/test/tap/mock/command_governor_interface_mock.cpp</destination>
    <time>0.070 ms</time>
  </operation>
  <operation>
    <module>taproot:testing:mock</module>
    <source>../taproot/test/tap/mock/command_governor_interface_mock.hpp</source>
    <destination>taproot/test/tap/mock/command_governor_interface_mock.hpp</destination>
    <time>0.070 ms</time>
  </operation>
  <operation>
    <module>taproot:testing:mock</module>
    <source>../taproot/test/tap/mock/command_mapper_mock.cpp</source>
    <destination>taproot/test/tap/mock/command_mapper_mock.cpp</destination>
    <time>0.068 ms</time>
  </operation>
  <operation>
    <module>taproot:testing:mock</module>
    <source>../taproot/test/tap/mock/command_mapper_mock.hpp</source>
    <destination>taproot/test/tap/mock/command_mapper_mock.hpp</destination>
    <time>0.097 ms</time>
  </operation>
  <operation>
    <module>taproot:testing:mock</module>
    <source>../taproot/test/tap/mock/command_mock.cpp</source>
    <destination>taproot/test/tap/mock/command_mock.cpp</destination>
    <time>0.067 ms</time>
  </operation>
  <operation>
    <module>taproot:testing:mock</module>
    <source>../taproot/test/tap/mock/command_mock.hpp</source>
    <destination>taproot/test/tap/mock/command_mock.hpp</destination>
    <time>0.070 ms</time>
  </operation>
  <operation>
    <module>taproot:testing:mock</module>
    <source>../taproot/test/tap/mock/command_scheduler_mock.cpp</source>
    <destination>taproot/test/tap/mock/command_scheduler_mock.cpp</destination>
    <time>0.073 ms</time>
  </operation>
  <operation>
    <module>taproot:testing:mock</module>
    <source>../taproot/test/tap/mock/command_scheduler_mock.hpp</source>
    <destination>taproot/test/tap/mock/command_scheduler_mock.hpp</destination>
    <time>0.067 ms</time>
  </operation>
  <operation>
    <module>taproot:testing:mock</module>
    <source>../taproot/test/tap/mock/digital_mock.cpp</source>
    <destination>taproot/test/tap/mock/digital_mock.cpp</destination>
    <time>0.071 ms</time>
  </operation>
  <operation>
    <module>taproot:testing:mock</module>
    <source>../taproot/test/tap/mock/digital_mock.hpp</source>
    <destination>taproot/test/tap/mock/digital_mock.hpp</destination>
    <time>0.069 ms</time>
  </operation>
  <operation>
    <module>taproot:testing:mock</module>
    <source>../taproot/test/tap/mock/dji_motor_mock.cpp</source>
    <destination>taproot/test/tap/mock/dji_motor_mock.cpp</destination>
    <time>0.070 ms</time>
  </operation>
  <operation>
    <module>taproot:testing:mock</module>
    <source>../taproot/test/tap/mock/dji_motor_mock.hpp</source>
    <destination>taproot/test/tap/mock/dji_motor_mock.hpp</destination>
    <time>0.070 ms</time>
  </operation>
  <operation>
    <module>taproot:testing:mock</module>
    <source>../taproot/test/tap/mock/dji_motor_terminal_serial_handler_mock.cpp</source>
    <destination>taproot/test/tap/mock/dji_motor_terminal_serial_handler_mock.cpp</destination>
    <time>0.068 ms</time>
  </operation>
  <operation>
    <module>taproot:testing:mock</module>
    <source>../taproot/test/tap/mock/dji_motor_terminal_serial_handler_mock.hpp</source>
    <destination>taproot/test/tap/mock/dji_motor_terminal_serial_handler_mock.hpp</destination>
    <time>0.070 ms</time>
  </operation>
  <operation>
    <module>taproot:testing:mock</module>
    <source>../taproot/test/tap/mock/dji_motor_tx_handler_mock.cpp</source>
    <destination>taproot/test/tap/mock/dji_motor_tx_handler_mock.cpp</destination>
    <time>0.075 ms</time>
  </operation>
  <operation>
    <module>taproot:testing:mock</module>
    <source>../taproot/test/tap/mock/dji_motor_tx_handler_mock.hpp</source>
    <destination>taproot/test/tap/mock/dji_motor_tx_handler_mock.hpp</destination>
    <time>0.070 ms</time>
  </operation>
  <operation>
    <module>taproot:testing:mock</module>
    <source>../taproot/test/tap/mock/error_controller_mock.cpp</source>
    <destination>taproot/test/tap/mock/error_controller_mock.cpp</destination>
    <time>0.070 ms</time>
  </operation>
  <operation>
    <module>taproot:testing:mock</module>
    <source>../taproot/test/tap/mock/error_controller_mock.hpp</source>
    <destination>taproot/test/tap/mock/error_controller_mock.hpp</destination>
    <time>0.067 ms</time>
  </operation>
  <operation>
    <module>taproot:testing:mock</module>
    <source>../taproot/test/tap/mock/hold_repeat_command_mapping_mock.cpp</source>
    <destination>taproot/test/tap/mock/hold_repeat_command_mapping_mock.cpp</destination>
    <time>0.067 ms</time>
  </operation>
  <operation>
    <module>taproot:testing:mock</module>
    <source>../taproot/test/tap/mock/hold_repeat_command_mapping_mock.hpp</source>
    <destination>taproot/test/tap/mock/hold_repeat_command_mapping_mock.hpp</destination>
    <time>0.068 ms</time>
  </operation>
  <operation>
    <module>taproot:testing:mock</module>
    <source>../taproot/test/tap/mock/imu_interface_mock.cpp</source>
    <destination>taproot/test/tap/mock/imu_interface_mock.cpp</destination>
    <time>0.069 ms</time>
  </operation>
  <operation>
    <module>taproot:testing:mock</module>
    <source>../taproot/test/tap/mock/imu_interface_mock.hpp</source>
    <destination>taproot/test/tap/mock/imu_interface_mock.hpp</destination>
    <time>0.068 ms</time>
  </operation>
  <operation>
    <module>taproot:testing:mock</module>
    <source>../taproot/test/tap/mock/imu_terminal_serial_handler_mock.cpp</source>
    <destination>taproot/test/tap/mock/imu_terminal_serial_handler_mock.cpp</destination>
    <time>0.073 ms</time>
  </operation>
  <operation>
    <module>taproot:testing:mock</module>
    <source>../taproot/test/tap/mock/imu_terminal_serial_handler_mock.hpp</source>
    <destination>taproot/test/tap/mock/imu_terminal_serial_handler_mock.hpp</destination>
    <time>0.069 ms</time>
  </operation>
  <operation>
    <module>taproot:testing:mock</module>
    <source>../taproot/test/tap/mock/integrable_setpoint_subsystem_mock.cpp</source>
    <destination>taproot/test/tap/mock/integrable_setpoint_subsystem_mock.cpp</destination>
    <time>0.071 ms</time>
  </operation>
  <operation>
    <module>taproot:testing:mock</module>
    <source>../taproot/test/tap/mock/integrable_setpoint_subsystem_mock.hpp</source>
    <destination>taproot/test/tap/mock/integrable_setpoint_subsystem_mock.hpp</destination>
    <time>0.072 ms</time>
  </operation>
  <operation>
    <module>taproot:testing:mock</module>
    <source>../taproot/test/tap/mock/leds_mock.cpp</source>
    <destination>taproot/test/tap/mock/leds_mock.cpp</destination>
    <time>0.070 ms</time>
  </operation>
  <operation>
    <module>taproot:testing:mock</module>
    <source>../taproot/test/tap/mock/leds_mock.hpp</source>
    <destination>taproot/test/tap/mock/leds_mock.hpp</destination>
    <time>0.070 ms</time>
  </operation>
  <operation>
    <module>taproot:testing:mock</module>
    <source>../taproot/test/tap/mock/motor_interface_mock.cpp</source>
    <destination>taproot/test/tap/mock/motor_interface_mock.cpp</destination>
    <time>0.070 ms</time>
  </operation>
  <operation>
    <module>taproot:testing:mock</module>
    <source>../taproot/test/tap/mock/motor_interface_mock.hpp</source>
    <destination>taproot/test/tap/mock/motor_interface_mock.hpp</destination>
    <time>0.071 ms</time>
  </operation>
  <operation>
    <module>taproot:testing:mock</module>
    <source>../taproot/test/tap/mock/move_integral_command_mock.cpp</source>
    <destination>taproot/test/tap/mock/move_integral_command_mock.cpp</destination>
    <time>0.076 ms</time>
  </operation>
  <operation>
    <module>taproot:testing:mock</module>
    <source>../taproot/test/tap/mock/move_integral_command_mock.hpp</source>
    <destination>taproot/test/tap/mock/move_integral_command_mock.hpp</destination>
    <time>0.072 ms</time>
  </operation>
  <operation>
    <module>taproot:testing:mock</module>
    <source>../taproot/test/tap/mock/mpu6500_mock.cpp</source>
    <destination>taproot/test/tap/mock/mpu6500_mock.cpp</destination>
    <time>0.071 ms</time>
  </operation>
  <operation>
    <module>taproot:testing:mock</module>
    <source>../taproot/test/tap/mock/mpu6500_mock.hpp</source>
    <destination>taproot/test/tap/mock/mpu6500_mock.hpp</destination>
    <time>0.070 ms</time>
  </operation>
  <operation>
    <module>taproot:testing:mock</module>
    <source>../taproot/test/tap/mock/odometry_2d_interface_mock.hpp</source>
    <destination>taproot/test/tap/mock/odometry_2d_interface_mock.hpp</destination>
    <time>0.069 ms</time>
  </operation>
  <operation>
    <module>taproot:testing:mock</module>
    <source>../taproot/test/tap/mock/pwm_mock.cpp</source>
    <destination>taproot/test/tap/mock/pwm_mock.cpp</destination>
    <time>0.069 ms</time>
  </operation>
  <operation>
    <module>taproot:testing:mock</module>
    <source>../taproot/test/tap/mock/pwm_mock.hpp</source>
    <destination>taproot/test/tap/mock/pwm_mock.hpp</destination>
    <time>0.070 ms</time>
  </operation>
  <operation>
    <module>taproot:testing:mock</module>
    <source>../taproot/test/tap/mock/ref_serial_mock.cpp</source>
    <destination>taproot/test/tap/mock/ref_serial_mock.cpp</destination>
    <time>0.070 ms</time>
  </operation>
  <operation>
    <module>taproot:testing:mock</module>
    <source>../taproot/test/tap/mock/ref_serial_mock.hpp</source>
    <destination>taproot/test/tap/mock/ref_serial_mock.hpp</destination>
    <time>0.073 ms</time>
  </operation>
  <operation>
    <module>taproot:testing:mock</module>
    <source>../taproot/test/tap/mock/ref_serial_transmitter_mock.cpp</source>
    <destination>taproot/test/tap/mock/ref_serial_transmitter_mock.cpp</destination>
    <time>0.069 ms</time>
  </operation>
  <operation>
    <module>taproot:testing:mock</module>
    <source>../taproot/test/tap/mock/ref_serial_transmitter_mock.hpp</source>
    <destination>taproot/test/tap/mock/ref_serial_transmitter_mock.hpp</destination>
    <time>0.069 ms</time>
  </operation>
  <operation>
    <module>taproot:testing:mock</module>
    <source>../taproot/test/tap/mock/remote_mock.cpp</source>
    <destination>taproot/test/tap/mock/remote_mock.cpp</destination>
    <time>0.070 ms</time>
  </operation>
  <operation>
    <module>taproot:testing:mock</module>
    <source>../taproot/test/tap/mock/remote_mock.hpp</source>
    <destination>taproot/test/tap/mock/remote_mock.hpp</destination>
    <time>0.069 ms</time>
  </operation>
  <operation>
    <module>taproot:testing:mock</module>
    <source>../taproot/test/tap/mock/robot_to_robot_message_handler_mock.cpp</source>
    <destination>taproot/test/tap/mock/robot_to_robot_message_handler_mock.cpp</destination>
    <time>0.068 ms</time>
  </operation>
  <operation>
    <module>taproot:testing:mock</module>
    <source>../taproot/test/tap/mock/robot_to_robot_message_handler_mock.hpp</source>
    <destination>taproot/test/tap/mock/robot_to_robot_message_handler_mock.hpp</destination>
    <time>0.071 ms</time>
  </operation>
  <operation>
    <module>taproot:testing:mock</module>
    <source>../taproot/test/tap/mock/scheduler_terminal_handler_mock.cpp</source>
    <destination>taproot/test/tap/mock/scheduler_terminal_handler_mock.cpp</destination>
    <time>0.073 ms</time>
  </operation>
  <operation>
    <module>taproot:testing:mock</module>
    <source>../taproot/test/tap/mock/scheduler_terminal_handler_mock.hpp</source>
    <destination>taproot/test/tap/mock/scheduler_terminal_handler_mock.hpp</destination>
    <time>0.073 ms</time>
  </operation>
  <operation>
    <module>taproot:testing:mock</module>
    <source>../taproot/test/tap/mock/setpoint_subsystem_mock.cpp</source>
    <destination>taproot/test/tap/mock/setpoint_subsystem_mock.cpp</destination>
    <time>0.072 ms</time>
  </operation>
  <operation>
    <module>taproot:testing:mock</module>
    <source>../taproot/test/tap/mock/setpoint_subsystem_mock.hpp</source>
    <destination>taproot/test/tap/mock/setpoint_subsystem_mock.hpp</destination>
    <time>0.071 ms</time>
  </operation>
  <operation>
    <module>taproot:testing:mock</module>
    <source>../taproot/test/tap/mock/subsystem_mock.cpp</source>
    <destination>taproot/test/tap/mock/subsystem_mock.cpp</destination>
    <time>0.069 ms</time>
  </operation>
  <operation>
    <module>taproot:testing:mock</module>
    <source>../taproot/test/tap/mock/subsystem_mock.hpp</source>
    <destination>taproot/test/tap/mock/subsystem_mock.hpp</destination>
    <time>0.073 ms</time>
  </operation>
  <operation>
    <module>taproot:testing:mock</module>
    <source>../taproot/test/tap/mock/terminal_serial_callback_interface_mock.cpp</source>
    <destination>taproot/test/tap/mock/terminal_serial_callback_interface_mock.cpp</destination>
    <time>0.069 ms</time>
  </operation>
  <operation>
    <module>taproot:testing:mock</module>
    <source>../taproot/test/tap/mock/terminal_serial_callback_interface_mock.hpp</source>
    <destination>taproot/test/tap/mock/terminal_serial_callback_interface_mock.hpp</destination>
    <time>0.072 ms</time>
  </operation>
  <operation>
    <module>taproot:testing:mock</module>
    <source>../taproot/test/tap/mock/terminal_serial_mock.cpp</source>
    <destination>taproot/test/tap/mock/terminal_serial_mock.cpp</destination>
    <time>0.072 ms</time>
  </operation>
  <operation>
    <module>taproot:testing:mock</module>
    <source>../taproot/test/tap/mock/terminal_serial_mock.hpp</source>
    <destination>taproot/test/tap/mock/terminal_serial_mock.hpp</destination>
    <time>0.078 ms</time>
  </operation>
  <operation>
    <module>taproot:testing:mock</module>
    <source>../taproot/test/tap/mock/uart_mock.cpp</source>
    <destination>taproot/test/tap/mock/uart_mock.cpp</destination>
    <time>0.071 ms</time>
  </operation>
  <operation>
    <module>taproot:testing:mock</module>
    <source>../taproot/test/tap/mock/uart_mock.hpp</source>
    <destination>taproot/test/tap/mock/uart_mock.hpp</destination>
    <time>0.069 ms</time>
  </operation>
  <operation>
    <module>taproot:testing:mock</module>
    <source>../taproot/test/tap/mock/unjam_integral_command_mock.cpp</source>
    <destination>taproot/test/tap/mock/unjam_integral_command_mock.cpp</destination>
    <time>0.074 ms</time>
  </operation>
  <operation>
    <module>taproot:testing:mock</module>
    <source>../taproot/test/tap/mock/unjam_integral_command_mock.hpp</source>
    <destination>taproot/test/tap/mock/unjam_integral_command_mock.hpp</destination>
    <time>0.069 ms</time>
  </operation>
  <operation>
    <module>taproot:testing:mock</module>
    <source>../taproot/test/tap/stub/terminal_device_stub.cpp</source>
    <destination>taproot/test/tap/stub/terminal_device_stub.cpp</destination>
    <time>0.055 ms</time>
  </operation>
  <operation>
    <module>taproot:testing:mock</module>
    <source>../taproot/test/tap/stub/terminal_device_stub.hpp</source>
    <destination>taproot/test/tap/stub/terminal_device_stub.hpp</destination>
    <time>0.049 ms</time>
  </operation>
</buildlog>
